<?xml version="1.0" encoding="UTF-8"?>
<testsuites name="all-kbb" time="573.807" tests="15" failures="2" errors="0">
   <testsuite name="all-kbb" tests="15" failures="2" errors="0" time="573.807" skipped="0" timestamp="28-05-2024T21:44:19" hostname="ToanLa - DESKTOP-QSIPVT9" id="Test Suites/KBB/all-kbb">
      <properties>
         <property name="deviceName" value=""/>
         <property name="devicePlatform" value=""/>
         <property name="logFolder" value="C:\\Users\\ToanLa\\git\\katalon\\Reports\\20240528_214204\\KBB\\all-kbb\\20240528_214227"/>
         <property name="logFiles" value="C:\\Users\\ToanLa\\git\\katalon\\Reports\\20240528_214204\\KBB\\all-kbb\\20240528_214227\\execution0.log"/>
         <property name="attachments" value="C:\\Users\\ToanLa\\git\\katalon\\Reports\\20240528_214204\\KBB\\all-kbb\\20240528_214227\\1716907693956.png, C:\\Users\\ToanLa\\git\\katalon\\Reports\\20240528_214204\\KBB\\all-kbb\\20240528_214227\\1716907694518.png, C:\\Users\\ToanLa\\git\\katalon\\Reports\\20240528_214204\\KBB\\all-kbb\\20240528_214227\\1716907801382.png, C:\\Users\\ToanLa\\git\\katalon\\Reports\\20240528_214204\\KBB\\all-kbb\\20240528_214227\\1716907802195.png, C:\\Users\\ToanLa\\git\\katalon\\Reports\\20240528_214204\\KBB\\all-kbb\\20240528_214227\\1716907858621.png, C:\\Users\\ToanLa\\git\\katalon\\Reports\\20240528_214204\\KBB\\all-kbb\\20240528_214227\\1716907859636.png, C:\\Users\\ToanLa\\git\\katalon\\Reports\\20240528_214204\\KBB\\all-kbb\\20240528_214227\\1716907948379.png, C:\\Users\\ToanLa\\git\\katalon\\Reports\\20240528_214204\\KBB\\all-kbb\\20240528_214227\\1716907948844.png, C:\\Users\\ToanLa\\git\\katalon\\Reports\\20240528_214204\\KBB\\all-kbb\\20240528_214227\\1716907970490.png, C:\\Users\\ToanLa\\git\\katalon\\Reports\\20240528_214204\\KBB\\all-kbb\\20240528_214227\\1716907973665.png, C:\\Users\\ToanLa\\git\\katalon\\Reports\\20240528_214204\\KBB\\all-kbb\\20240528_214227\\1716907992664.png, C:\\Users\\ToanLa\\git\\katalon\\Reports\\20240528_214204\\KBB\\all-kbb\\20240528_214227\\1716907993586.png, C:\\Users\\ToanLa\\git\\katalon\\Reports\\20240528_214204\\KBB\\all-kbb\\20240528_214227\\1716908010544.png, C:\\Users\\ToanLa\\git\\katalon\\Reports\\20240528_214204\\KBB\\all-kbb\\20240528_214227\\1716908011681.png"/>
         <property name="hostName" value="ToanLa - DESKTOP-QSIPVT9"/>
         <property name="os" value="Windows 11 64bit"/>
         <property name="katalonVersion" value="9.4.0.212"/>
         <property name="browser" value="Chrome 125.0.0.0"/>
         <property name="hostAddress" value="192.168.1.8"/>
         <property name="sessionId" value="eeb05cbb62659ffc6782553f64587063"/>
         <property name="seleniumVersion" value="3.141.59"/>
         <property name="proxyInformation" value="ProxyInformation { proxyOption=NO_PROXY, proxyServerType=HTTP, username=, password=********, proxyServerAddress=, proxyServerPort=0, executionList=&quot;&quot;, isApplyToDesiredCapabilities=true }"/>
         <property name="platform" value="Windows 11"/>
      </properties>
      <testcase name="Test Cases/KBB/check-connections" time="21.852" classname="Test Cases/KBB/check-connections" status="PASSED">
         <system-out><![CDATA[28-05-2024T21:44:19 - [TEST_CASE][PASSED] - Test Cases/KBB/check-connections: Test Cases/KBB/check-connections

28-05-2024T21:44:20 - [TEST_STEP][PASSED] - openBrowser(""): Browser is opened with url: ''

28-05-2024T21:44:21 - [MESSAGE][INFO] - Starting 'Chrome' driver

28-05-2024T21:44:21 - [MESSAGE][INFO] - Action delay is set to 0 milliseconds

28-05-2024T21:44:25 - [MESSAGE][PASSED] - Browser is opened with url: ''

28-05-2024T21:44:25 - [TEST_STEP][PASSED] - navigateToUrl("https://www.kbb.com/"): Navigate to 'https://www.kbb.com/' successfully

28-05-2024T21:44:27 - [MESSAGE][PASSED] - Navigate to 'https://www.kbb.com/' successfully

28-05-2024T21:44:27 - [TEST_STEP][PASSED] - scrollToPosition(0, 0): Browser is scrolled to position x = 0, y = 0

28-05-2024T21:44:35 - [MESSAGE][PASSED] - Browser is scrolled to position x = 0, y = 0

28-05-2024T21:44:35 - [TEST_STEP][PASSED] - verifyElementVisible(findTestObject("Object Repository/Page_Kelley Blue Book  New and Used Car Pri_e90311/div_FacebookTwitterRSSLinkedInYouTube 1995-_981592")): Object 'Object Repository/Page_Kelley Blue Book  New and Used Car Pri_e90311/div_FacebookTwitterRSSLinkedInYouTube 1995-_981592' is visible

28-05-2024T21:44:40 - [MESSAGE][PASSED] - Object 'Object Repository/Page_Kelley Blue Book  New and Used Car Pri_e90311/div_FacebookTwitterRSSLinkedInYouTube 1995-_981592' is visible

28-05-2024T21:44:40 - [TEST_STEP][PASSED] - closeBrowser(): Browser is closed

28-05-2024T21:44:41 - [MESSAGE][PASSED] - Browser is closed]]></system-out>
         <system-err><![CDATA[]]></system-err>
      </testcase>
      <testcase name="Test Cases/KBB/check_button_3" time="20.527" classname="Test Cases/KBB/check_button_3" status="PASSED">
         <system-out><![CDATA[28-05-2024T21:44:41 - [TEST_CASE][PASSED] - Test Cases/KBB/check_button_3: Test Cases/KBB/check_button_3

28-05-2024T21:44:41 - [TEST_STEP][PASSED] - openBrowser(""): Browser is opened with url: ''

28-05-2024T21:44:41 - [MESSAGE][INFO] - Starting 'Chrome' driver

28-05-2024T21:44:41 - [MESSAGE][INFO] - Action delay is set to 0 milliseconds

28-05-2024T21:44:43 - [MESSAGE][PASSED] - Browser is opened with url: ''

28-05-2024T21:44:43 - [TEST_STEP][PASSED] - navigateToUrl("https://www.kbb.com/"): Navigate to 'https://www.kbb.com/' successfully

28-05-2024T21:44:55 - [MESSAGE][PASSED] - Navigate to 'https://www.kbb.com/' successfully

28-05-2024T21:44:55 - [TEST_STEP][PASSED] - verifyElementText(findTestObject("Object Repository/KBB/Page_Kelley Blue Book  New and Used Car Pri_e90311/h2_Shop Best Cars"), "Shop Best Cars"): Actual text and expected text of test object 'Object Repository/KBB/Page_Kelley Blue Book  New and Used Car Pri_e90311/h2_Shop Best Cars' are matched.

28-05-2024T21:45:00 - [MESSAGE][PASSED] - Actual text and expected text of test object 'Object Repository/KBB/Page_Kelley Blue Book  New and Used Car Pri_e90311/h2_Shop Best Cars' are matched.

28-05-2024T21:45:00 - [TEST_STEP][PASSED] - closeBrowser(): Browser is closed

28-05-2024T21:45:02 - [MESSAGE][PASSED] - Browser is closed]]></system-out>
         <system-err><![CDATA[]]></system-err>
      </testcase>
      <testcase name="Test Cases/KBB/click-about-us" time="18.755" classname="Test Cases/KBB/click-about-us" status="PASSED">
         <system-out><![CDATA[28-05-2024T21:45:02 - [TEST_CASE][PASSED] - Test Cases/KBB/click-about-us: Test Cases/KBB/click-about-us

28-05-2024T21:45:02 - [TEST_STEP][PASSED] - openBrowser(""): Browser is opened with url: ''

28-05-2024T21:45:02 - [MESSAGE][INFO] - Starting 'Chrome' driver

28-05-2024T21:45:02 - [MESSAGE][INFO] - Action delay is set to 0 milliseconds

28-05-2024T21:45:03 - [MESSAGE][PASSED] - Browser is opened with url: ''

28-05-2024T21:45:03 - [TEST_STEP][PASSED] - navigateToUrl("https://www.kbb.com/"): Navigate to 'https://www.kbb.com/' successfully

28-05-2024T21:45:14 - [MESSAGE][PASSED] - Navigate to 'https://www.kbb.com/' successfully

28-05-2024T21:45:14 - [TEST_STEP][PASSED] - scrollToPosition(9999999, 9999999): Browser is scrolled to position x = 9999999, y = 9999999

28-05-2024T21:45:14 - [MESSAGE][PASSED] - Browser is scrolled to position x = 9999999, y = 9999999

28-05-2024T21:45:14 - [TEST_STEP][PASSED] - click(findTestObject("Object Repository/Page_Kelley Blue Book  New and Used Car Pri_e90311/a_About Us")): Object: 'Object Repository/Page_Kelley Blue Book  New and Used Car Pri_e90311/a_About Us' is clicked on

28-05-2024T21:45:19 - [MESSAGE][PASSED] - Object: 'Object Repository/Page_Kelley Blue Book  New and Used Car Pri_e90311/a_About Us' is clicked on

28-05-2024T21:45:19 - [TEST_STEP][PASSED] - closeBrowser(): Browser is closed

28-05-2024T21:45:20 - [MESSAGE][PASSED] - Browser is closed]]></system-out>
         <system-err><![CDATA[]]></system-err>
      </testcase>
      <testcase name="Test Cases/KBB/click-careers" time="52.979" classname="Test Cases/KBB/click-careers" status="PASSED">
         <system-out><![CDATA[28-05-2024T21:45:20 - [TEST_CASE][PASSED] - Test Cases/KBB/click-careers: Test Cases/KBB/click-careers

28-05-2024T21:45:21 - [TEST_STEP][PASSED] - openBrowser(""): Browser is opened with url: ''

28-05-2024T21:45:21 - [MESSAGE][INFO] - Starting 'Chrome' driver

28-05-2024T21:45:21 - [MESSAGE][INFO] - Action delay is set to 0 milliseconds

28-05-2024T21:45:24 - [MESSAGE][PASSED] - Browser is opened with url: ''

28-05-2024T21:45:24 - [TEST_STEP][PASSED] - navigateToUrl("https://www.kbb.com/"): Navigate to 'https://www.kbb.com/' successfully

28-05-2024T21:46:03 - [MESSAGE][PASSED] - Navigate to 'https://www.kbb.com/' successfully

28-05-2024T21:46:03 - [TEST_STEP][PASSED] - scrollToPosition(9999999, 9999999): Browser is scrolled to position x = 9999999, y = 9999999

28-05-2024T21:46:03 - [MESSAGE][PASSED] - Browser is scrolled to position x = 9999999, y = 9999999

28-05-2024T21:46:03 - [TEST_STEP][PASSED] - click(findTestObject("Object Repository/Page_Kelley Blue Book  New and Used Car Pri_e90311/a_Do Not Sell My Personal Information")): Object: 'Object Repository/Page_Kelley Blue Book  New and Used Car Pri_e90311/a_Do Not Sell My Personal Information' is clicked on

28-05-2024T21:46:12 - [MESSAGE][PASSED] - Object: 'Object Repository/Page_Kelley Blue Book  New and Used Car Pri_e90311/a_Do Not Sell My Personal Information' is clicked on

28-05-2024T21:46:12 - [TEST_STEP][PASSED] - closeBrowser(): Browser is closed

28-05-2024T21:46:13 - [MESSAGE][PASSED] - Browser is closed]]></system-out>
         <system-err><![CDATA[]]></system-err>
      </testcase>
      <testcase name="Test Cases/KBB/click-privacy" time="19.536" classname="Test Cases/KBB/click-privacy" status="PASSED">
         <system-out><![CDATA[28-05-2024T21:46:13 - [TEST_CASE][PASSED] - Test Cases/KBB/click-privacy: Test Cases/KBB/click-privacy

28-05-2024T21:46:14 - [TEST_STEP][PASSED] - openBrowser(""): Browser is opened with url: ''

28-05-2024T21:46:14 - [MESSAGE][INFO] - Starting 'Chrome' driver

28-05-2024T21:46:14 - [MESSAGE][INFO] - Action delay is set to 0 milliseconds

28-05-2024T21:46:16 - [MESSAGE][PASSED] - Browser is opened with url: ''

28-05-2024T21:46:16 - [TEST_STEP][PASSED] - navigateToUrl("https://www.kbb.com/"): Navigate to 'https://www.kbb.com/' successfully

28-05-2024T21:46:26 - [MESSAGE][PASSED] - Navigate to 'https://www.kbb.com/' successfully

28-05-2024T21:46:26 - [TEST_STEP][PASSED] - scrollToPosition(0, 0): Browser is scrolled to position x = 0, y = 0

28-05-2024T21:46:26 - [MESSAGE][PASSED] - Browser is scrolled to position x = 0, y = 0

28-05-2024T21:46:26 - [TEST_STEP][PASSED] - click(findTestObject("Object Repository/Page_Kelley Blue Book  New and Used Car Pri_e90311/a_Do Not Process My Sensitive Information")): Object: 'Object Repository/Page_Kelley Blue Book  New and Used Car Pri_e90311/a_Do Not Process My Sensitive Information' is clicked on

28-05-2024T21:46:32 - [MESSAGE][PASSED] - Object: 'Object Repository/Page_Kelley Blue Book  New and Used Car Pri_e90311/a_Do Not Process My Sensitive Information' is clicked on

28-05-2024T21:46:32 - [TEST_STEP][PASSED] - closeBrowser(): Browser is closed

28-05-2024T21:46:33 - [MESSAGE][PASSED] - Browser is closed]]></system-out>
         <system-err><![CDATA[]]></system-err>
      </testcase>
      <testcase name="Test Cases/KBB/test-copyright" time="18.251" classname="Test Cases/KBB/test-copyright" status="PASSED">
         <system-out><![CDATA[28-05-2024T21:46:33 - [TEST_CASE][PASSED] - Test Cases/KBB/test-copyright: Test Cases/KBB/test-copyright

28-05-2024T21:46:33 - [TEST_STEP][PASSED] - openBrowser(""): Browser is opened with url: ''

28-05-2024T21:46:33 - [MESSAGE][INFO] - Starting 'Chrome' driver

28-05-2024T21:46:33 - [MESSAGE][INFO] - Action delay is set to 0 milliseconds

28-05-2024T21:46:34 - [MESSAGE][PASSED] - Browser is opened with url: ''

28-05-2024T21:46:34 - [TEST_STEP][PASSED] - navigateToUrl("https://www.kbb.com/"): Navigate to 'https://www.kbb.com/' successfully

28-05-2024T21:46:47 - [MESSAGE][PASSED] - Navigate to 'https://www.kbb.com/' successfully

28-05-2024T21:46:47 - [TEST_STEP][PASSED] - scrollToPosition(9999999, 9999999): Browser is scrolled to position x = 9999999, y = 9999999

28-05-2024T21:46:48 - [MESSAGE][PASSED] - Browser is scrolled to position x = 9999999, y = 9999999

28-05-2024T21:46:48 - [TEST_STEP][PASSED] - verifyElementVisible(findTestObject("Object Repository/Page_Kelley Blue Book  New and Used Car Pri_e90311/div_FAQContact UsDo Not Sell My Personal In_2db4c4")): Object 'Object Repository/Page_Kelley Blue Book  New and Used Car Pri_e90311/div_FAQContact UsDo Not Sell My Personal In_2db4c4' is visible

28-05-2024T21:46:50 - [MESSAGE][PASSED] - Object 'Object Repository/Page_Kelley Blue Book  New and Used Car Pri_e90311/div_FAQContact UsDo Not Sell My Personal In_2db4c4' is visible

28-05-2024T21:46:50 - [TEST_STEP][PASSED] - closeBrowser(): Browser is closed

28-05-2024T21:46:51 - [MESSAGE][PASSED] - Browser is closed]]></system-out>
         <system-err><![CDATA[]]></system-err>
      </testcase>
      <testcase name="Test Cases/KBB/test-licking-footer" time="20.514" classname="Test Cases/KBB/test-licking-footer" status="PASSED">
         <system-out><![CDATA[28-05-2024T21:46:51 - [TEST_CASE][PASSED] - Test Cases/KBB/test-licking-footer: Test Cases/KBB/test-licking-footer

28-05-2024T21:46:52 - [TEST_STEP][PASSED] - openBrowser(""): Browser is opened with url: ''

28-05-2024T21:46:52 - [MESSAGE][INFO] - Starting 'Chrome' driver

28-05-2024T21:46:52 - [MESSAGE][INFO] - Action delay is set to 0 milliseconds

28-05-2024T21:46:54 - [MESSAGE][PASSED] - Browser is opened with url: ''

28-05-2024T21:46:54 - [TEST_STEP][PASSED] - navigateToUrl("https://www.kbb.com/"): Navigate to 'https://www.kbb.com/' successfully

28-05-2024T21:46:55 - [MESSAGE][PASSED] - Navigate to 'https://www.kbb.com/' successfully

28-05-2024T21:46:55 - [TEST_STEP][PASSED] - scrollToPosition(9999999, 9999999): Browser is scrolled to position x = 9999999, y = 9999999

28-05-2024T21:46:59 - [MESSAGE][PASSED] - Browser is scrolled to position x = 9999999, y = 9999999

28-05-2024T21:46:59 - [TEST_STEP][PASSED] - click(findTestObject("Object Repository/Page_Kelley Blue Book  New and Used Car Pri_e90311/a_Contact Us")): Object: 'Object Repository/Page_Kelley Blue Book  New and Used Car Pri_e90311/a_Contact Us' is clicked on

28-05-2024T21:47:11 - [MESSAGE][PASSED] - Object: 'Object Repository/Page_Kelley Blue Book  New and Used Car Pri_e90311/a_Contact Us' is clicked on

28-05-2024T21:47:11 - [TEST_STEP][PASSED] - closeBrowser(): Browser is closed

28-05-2024T21:47:12 - [MESSAGE][PASSED] - Browser is closed]]></system-out>
         <system-err><![CDATA[]]></system-err>
      </testcase>
      <testcase name="Test Cases/KBB/test_button_4" time="19.001" classname="Test Cases/KBB/test_button_4" status="PASSED">
         <system-out><![CDATA[28-05-2024T21:47:12 - [TEST_CASE][PASSED] - Test Cases/KBB/test_button_4: Test Cases/KBB/test_button_4

28-05-2024T21:47:12 - [TEST_STEP][PASSED] - openBrowser(""): Browser is opened with url: ''

28-05-2024T21:47:12 - [MESSAGE][INFO] - Starting 'Chrome' driver

28-05-2024T21:47:12 - [MESSAGE][INFO] - Action delay is set to 0 milliseconds

28-05-2024T21:47:13 - [MESSAGE][PASSED] - Browser is opened with url: ''

28-05-2024T21:47:13 - [TEST_STEP][PASSED] - navigateToUrl("https://www.kbb.com/"): Navigate to 'https://www.kbb.com/' successfully

28-05-2024T21:47:25 - [MESSAGE][PASSED] - Navigate to 'https://www.kbb.com/' successfully

28-05-2024T21:47:25 - [TEST_STEP][PASSED] - scrollToPosition(9999999, 9999999): Browser is scrolled to position x = 9999999, y = 9999999

28-05-2024T21:47:25 - [MESSAGE][PASSED] - Browser is scrolled to position x = 9999999, y = 9999999

28-05-2024T21:47:25 - [TEST_STEP][PASSED] - verifyElementText(findTestObject("Object Repository/Page_Kelley Blue Book  New and Used Car Pri_e90311/h2_Your Car Guide"), "Your Car Guide"): Actual text and expected text of test object 'Object Repository/Page_Kelley Blue Book  New and Used Car Pri_e90311/h2_Your Car Guide' are matched.

28-05-2024T21:47:30 - [MESSAGE][PASSED] - Actual text and expected text of test object 'Object Repository/Page_Kelley Blue Book  New and Used Car Pri_e90311/h2_Your Car Guide' are matched.

28-05-2024T21:47:30 - [TEST_STEP][PASSED] - closeBrowser(): Browser is closed

28-05-2024T21:47:31 - [MESSAGE][PASSED] - Browser is closed]]></system-out>
         <system-err><![CDATA[]]></system-err>
      </testcase>
      <testcase name="Test Cases/KBB/test_click-button-1" time="57.312" classname="Test Cases/KBB/test_click-button-1" status="FAILED">
         <failure type="FAILED" message="Test Cases/KBB/test_click-button-1 FAILED.&#xa;Reason:&#xa;com.kms.katalon.core.exception.StepFailedException: Verify element text of test object 'Object Repository/KBB/Page_Kelley Blue Book  New and Used Car Pri_e90311/h2_New Cars by Make' FAILED.&#xa;	at com.kms.katalon.core.webui.keyword.internal.WebUIKeywordMain.stepFailed(WebUIKeywordMain.groovy:64)&#xa;	at com.kms.katalon.core.webui.keyword.internal.WebUIKeywordMain.runKeyword(WebUIKeywordMain.groovy:26)&#xa;	at com.kms.katalon.core.webui.keyword.builtin.VerifyElementTextKeyword.verifyElementText(VerifyElementTextKeyword.groovy:72)&#xa;	at com.kms.katalon.core.webui.keyword.builtin.VerifyElementTextKeyword.execute(VerifyElementTextKeyword.groovy:40)&#xa;	at com.kms.katalon.core.keyword.internal.KeywordExecutor.executeKeywordForPlatform(KeywordExecutor.groovy:74)&#xa;	at com.kms.katalon.core.webui.keyword.WebUiBuiltInKeywords.verifyElementText(WebUiBuiltInKeywords.groovy:4835)&#xa;	at test_click-button-1.run(test_click-button-1:24)&#xa;	at com.kms.katalon.core.main.ScriptEngine.run(ScriptEngine.java:194)&#xa;	at com.kms.katalon.core.main.ScriptEngine.runScriptAsRawText(ScriptEngine.java:119)&#xa;	at com.kms.katalon.core.main.TestCaseExecutor.runScript(TestCaseExecutor.java:448)&#xa;	at com.kms.katalon.core.main.TestCaseExecutor.doExecute(TestCaseExecutor.java:439)&#xa;	at com.kms.katalon.core.main.TestCaseExecutor.processExecutionPhase(TestCaseExecutor.java:418)&#xa;	at com.kms.katalon.core.main.TestCaseExecutor.accessMainPhase(TestCaseExecutor.java:410)&#xa;	at com.kms.katalon.core.main.TestCaseExecutor.execute(TestCaseExecutor.java:285)&#xa;	at com.kms.katalon.core.main.TestCaseExecutor.execute(TestCaseExecutor.java:369)&#xa;	at com.kms.katalon.core.main.TestCaseExecutor.execute(TestCaseExecutor.java:369)&#xa;	at com.kms.katalon.core.main.TestCaseExecutor.execute(TestCaseExecutor.java:369)&#xa;	at com.kms.katalon.core.common.CommonExecutor.accessTestCaseMainPhase(CommonExecutor.java:65)&#xa;	at com.kms.katalon.core.main.TestSuiteExecutor.accessTestSuiteMainPhase(TestSuiteExecutor.java:150)&#xa;	at com.kms.katalon.core.main.TestSuiteExecutor.execute(TestSuiteExecutor.java:106)&#xa;	at com.kms.katalon.core.main.TestCaseMain.startTestSuite(TestCaseMain.java:180)&#xa;	at TempTestSuite1716907347330.run(TempTestSuite1716907347330.groovy:35)&#xa;	at java.base/jdk.internal.reflect.NativeMethodAccessorImpl.invoke0(Native Method)&#xa;	at java.base/jdk.internal.reflect.NativeMethodAccessorImpl.invoke(NativeMethodAccessorImpl.java:77)&#xa;	at java.base/jdk.internal.reflect.DelegatingMethodAccessorImpl.invoke(DelegatingMethodAccessorImpl.java:43)&#xa;Caused by: com.kms.katalon.core.exception.StepFailedException: com.kms.katalon.core.webui.exception.WebElementNotFoundException: Web element with id: 'Object Repository/KBB/Page_Kelley Blue Book  New and Used Car Pri_e90311/h2_New Cars by Make' located by '//main[@id='content']/div[4]/div/div/div/div/h2' not found&#xa;	at com.kms.katalon.core.webui.keyword.internal.WebUIKeywordMain.stepFailed(WebUIKeywordMain.groovy:64)&#xa;	at com.kms.katalon.core.webui.keyword.builtin.VerifyElementTextKeyword$_verifyElementText_closure1.doCall(VerifyElementTextKeyword.groovy:64)&#xa;	at com.kms.katalon.core.webui.keyword.builtin.VerifyElementTextKeyword$_verifyElementText_closure1.call(VerifyElementTextKeyword.groovy)&#xa;	at com.kms.katalon.core.webui.keyword.internal.WebUIKeywordMain.runKeyword(WebUIKeywordMain.groovy:20)&#xa;	... 23 more&#xa;"/>
         <system-out><![CDATA[28-05-2024T21:50:03 - [TEST_CASE][FAILED] - Test Cases/KBB/test_click-button-1: Test Cases/KBB/test_click-button-1 FAILED.
Reason:
com.kms.katalon.core.exception.StepFailedException: Verify element text of test object 'Object Repository/KBB/Page_Kelley Blue Book  New and Used Car Pri_e90311/h2_New Cars by Make' FAILED.
	at com.kms.katalon.core.webui.keyword.internal.WebUIKeywordMain.stepFailed(WebUIKeywordMain.groovy:64)
	at com.kms.katalon.core.webui.keyword.internal.WebUIKeywordMain.runKeyword(WebUIKeywordMain.groovy:26)
	at com.kms.katalon.core.webui.keyword.builtin.VerifyElementTextKeyword.verifyElementText(VerifyElementTextKeyword.groovy:72)
	at com.kms.katalon.core.webui.keyword.builtin.VerifyElementTextKeyword.execute(VerifyElementTextKeyword.groovy:40)
	at com.kms.katalon.core.keyword.internal.KeywordExecutor.executeKeywordForPlatform(KeywordExecutor.groovy:74)
	at com.kms.katalon.core.webui.keyword.WebUiBuiltInKeywords.verifyElementText(WebUiBuiltInKeywords.groovy:4835)
	at test_click-button-1.run(test_click-button-1:24)
	at com.kms.katalon.core.main.ScriptEngine.run(ScriptEngine.java:194)
	at com.kms.katalon.core.main.ScriptEngine.runScriptAsRawText(ScriptEngine.java:119)
	at com.kms.katalon.core.main.TestCaseExecutor.runScript(TestCaseExecutor.java:448)
	at com.kms.katalon.core.main.TestCaseExecutor.doExecute(TestCaseExecutor.java:439)
	at com.kms.katalon.core.main.TestCaseExecutor.processExecutionPhase(TestCaseExecutor.java:418)
	at com.kms.katalon.core.main.TestCaseExecutor.accessMainPhase(TestCaseExecutor.java:410)
	at com.kms.katalon.core.main.TestCaseExecutor.execute(TestCaseExecutor.java:285)
	at com.kms.katalon.core.main.TestCaseExecutor.execute(TestCaseExecutor.java:369)
	at com.kms.katalon.core.main.TestCaseExecutor.execute(TestCaseExecutor.java:369)
	at com.kms.katalon.core.main.TestCaseExecutor.execute(TestCaseExecutor.java:369)
	at com.kms.katalon.core.common.CommonExecutor.accessTestCaseMainPhase(CommonExecutor.java:65)
	at com.kms.katalon.core.main.TestSuiteExecutor.accessTestSuiteMainPhase(TestSuiteExecutor.java:150)
	at com.kms.katalon.core.main.TestSuiteExecutor.execute(TestSuiteExecutor.java:106)
	at com.kms.katalon.core.main.TestCaseMain.startTestSuite(TestCaseMain.java:180)
	at TempTestSuite1716907347330.run(TempTestSuite1716907347330.groovy:35)
	at java.base/jdk.internal.reflect.NativeMethodAccessorImpl.invoke0(Native Method)
	at java.base/jdk.internal.reflect.NativeMethodAccessorImpl.invoke(NativeMethodAccessorImpl.java:77)
	at java.base/jdk.internal.reflect.DelegatingMethodAccessorImpl.invoke(DelegatingMethodAccessorImpl.java:43)
Caused by: com.kms.katalon.core.exception.StepFailedException: com.kms.katalon.core.webui.exception.WebElementNotFoundException: Web element with id: 'Object Repository/KBB/Page_Kelley Blue Book  New and Used Car Pri_e90311/h2_New Cars by Make' located by '//main[@id='content']/div[4]/div/div/div/div/h2' not found
	at com.kms.katalon.core.webui.keyword.internal.WebUIKeywordMain.stepFailed(WebUIKeywordMain.groovy:64)
	at com.kms.katalon.core.webui.keyword.builtin.VerifyElementTextKeyword$_verifyElementText_closure1.doCall(VerifyElementTextKeyword.groovy:64)
	at com.kms.katalon.core.webui.keyword.builtin.VerifyElementTextKeyword$_verifyElementText_closure1.call(VerifyElementTextKeyword.groovy)
	at com.kms.katalon.core.webui.keyword.internal.WebUIKeywordMain.runKeyword(WebUIKeywordMain.groovy:20)
	... 23 more


28-05-2024T21:50:03 - [TEST_STEP][PASSED] - openBrowser(""): Browser is opened with url: ''

28-05-2024T21:50:03 - [MESSAGE][WARNING] - A browser is already opened. Closing browser and opening a new one

28-05-2024T21:50:04 - [MESSAGE][INFO] - Starting 'Chrome' driver

28-05-2024T21:50:04 - [MESSAGE][INFO] - Action delay is set to 0 milliseconds

28-05-2024T21:50:06 - [MESSAGE][PASSED] - Browser is opened with url: ''

28-05-2024T21:50:06 - [TEST_STEP][PASSED] - navigateToUrl("https://www.kbb.com/whats-my-car-worth/"): Navigate to 'https://www.kbb.com/whats-my-car-worth/' successfully

28-05-2024T21:50:18 - [MESSAGE][PASSED] - Navigate to 'https://www.kbb.com/whats-my-car-worth/' successfully

28-05-2024T21:50:18 - [TEST_STEP][FAILED] - verifyElementText(findTestObject("Object Repository/KBB/Page_Kelley Blue Book  New and Used Car Pri_e90311/h2_New Cars by Make"), "New Cars by Make"): Verify element text of test object 'Object Repository/KBB/Page_Kelley Blue Book  New and Used Car Pri_e90311/h2_New Cars by Make' FAILED. (Root cause: com.kms.katalon.core.exception.StepFailedException: Verify element text of test object 'Object Repository/KBB/Page_Kelley Blue Book  New and Used Car Pri_e90311/h2_New Cars by Make' FAILED.
	at com.kms.katalon.core.webui.keyword.internal.WebUIKeywordMain.stepFailed(WebUIKeywordMain.groovy:64)
	at com.kms.katalon.core.webui.keyword.internal.WebUIKeywordMain.runKeyword(WebUIKeywordMain.groovy:26)
	at com.kms.katalon.core.webui.keyword.builtin.VerifyElementTextKeyword.verifyElementText(VerifyElementTextKeyword.groovy:72)
	at com.kms.katalon.core.webui.keyword.builtin.VerifyElementTextKeyword.execute(VerifyElementTextKeyword.groovy:40)
	at com.kms.katalon.core.keyword.internal.KeywordExecutor.executeKeywordForPlatform(KeywordExecutor.groovy:74)
	at com.kms.katalon.core.webui.keyword.WebUiBuiltInKeywords.verifyElementText(WebUiBuiltInKeywords.groovy:4835)
	at test_click-button-1.run(test_click-button-1:24)
	at com.kms.katalon.core.main.ScriptEngine.run(ScriptEngine.java:194)
	at com.kms.katalon.core.main.ScriptEngine.runScriptAsRawText(ScriptEngine.java:119)
	at com.kms.katalon.core.main.TestCaseExecutor.runScript(TestCaseExecutor.java:448)
	at com.kms.katalon.core.main.TestCaseExecutor.doExecute(TestCaseExecutor.java:439)
	at com.kms.katalon.core.main.TestCaseExecutor.processExecutionPhase(TestCaseExecutor.java:418)
	at com.kms.katalon.core.main.TestCaseExecutor.accessMainPhase(TestCaseExecutor.java:410)
	at com.kms.katalon.core.main.TestCaseExecutor.execute(TestCaseExecutor.java:285)
	at com.kms.katalon.core.main.TestCaseExecutor.execute(TestCaseExecutor.java:369)
	at com.kms.katalon.core.main.TestCaseExecutor.execute(TestCaseExecutor.java:369)
	at com.kms.katalon.core.main.TestCaseExecutor.execute(TestCaseExecutor.java:369)
	at com.kms.katalon.core.common.CommonExecutor.accessTestCaseMainPhase(CommonExecutor.java:65)
	at com.kms.katalon.core.main.TestSuiteExecutor.accessTestSuiteMainPhase(TestSuiteExecutor.java:150)
	at com.kms.katalon.core.main.TestSuiteExecutor.execute(TestSuiteExecutor.java:106)
	at com.kms.katalon.core.main.TestCaseMain.startTestSuite(TestCaseMain.java:180)
	at TempTestSuite1716907347330.run(TempTestSuite1716907347330.groovy:35)
	at java.base/jdk.internal.reflect.NativeMethodAccessorImpl.invoke0(Native Method)
	at java.base/jdk.internal.reflect.NativeMethodAccessorImpl.invoke(NativeMethodAccessorImpl.java:77)
	at java.base/jdk.internal.reflect.DelegatingMethodAccessorImpl.invoke(DelegatingMethodAccessorImpl.java:43)
Caused by: com.kms.katalon.core.exception.StepFailedException: com.kms.katalon.core.webui.exception.WebElementNotFoundException: Web element with id: 'Object Repository/KBB/Page_Kelley Blue Book  New and Used Car Pri_e90311/h2_New Cars by Make' located by '//main[@id='content']/div[4]/div/div/div/div/h2' not found
	at com.kms.katalon.core.webui.keyword.internal.WebUIKeywordMain.stepFailed(WebUIKeywordMain.groovy:64)
	at com.kms.katalon.core.webui.keyword.builtin.VerifyElementTextKeyword$_verifyElementText_closure1.doCall(VerifyElementTextKeyword.groovy:64)
	at com.kms.katalon.core.webui.keyword.builtin.VerifyElementTextKeyword$_verifyElementText_closure1.call(VerifyElementTextKeyword.groovy)
	at com.kms.katalon.core.webui.keyword.internal.WebUIKeywordMain.runKeyword(WebUIKeywordMain.groovy:20)
	... 23 more
)

28-05-2024T21:50:50 - [MESSAGE][INFO] - Unable to find the element located by 'By.xpath: //main[@id='content']/div[4]/div/div/div/div/h2'. Please recheck the objects properties to make sure the desired element is located. 

28-05-2024T21:50:50 - [MESSAGE][WARNING] - [SELF-HEALING] Failed to find element with id 'Object Repository/KBB/Page_Kelley Blue Book  New and Used Car Pri_e90311/h2_New Cars by Make'. Try using Self-healing.

28-05-2024T21:50:50 - [MESSAGE][INFO] - [SELF-HEALING] Failed Locator: '//main[@id='content']/div[4]/div/div/div/div/h2'.

28-05-2024T21:50:51 - [MESSAGE][INFO] - [SELF-HEALING] Failed Locator: '(.//*[normalize-space(text()) and normalize-space(.)='Best Fullsize Trucks'])[2]/following::h2[1]'.

28-05-2024T21:50:52 - [MESSAGE][INFO] - [SELF-HEALING] Failed Locator: '(.//*[normalize-space(text()) and normalize-space(.)='Best Fullsize SUVs'])[2]/following::h2[1]'.

28-05-2024T21:50:52 - [MESSAGE][INFO] - [SELF-HEALING] Failed Locator: '(.//*[normalize-space(text()) and normalize-space(.)='Filter by Make'])[1]/preceding::h2[1]'.

28-05-2024T21:50:52 - [MESSAGE][INFO] - [SELF-HEALING] Failed Locator: '(.//*[normalize-space(text()) and normalize-space(.)='Recommended for You'])[2]/preceding::h2[1]'.

28-05-2024T21:50:53 - [MESSAGE][INFO] - [SELF-HEALING] Failed Locator: '//*/text()[normalize-space(.)='New Cars by Make']/parent::*'.

28-05-2024T21:50:53 - [MESSAGE][INFO] - [SELF-HEALING] Failed Locator: '//div[4]/div/div/div/div/h2'.

28-05-2024T21:50:54 - [MESSAGE][INFO] - [SELF-HEALING] Failed Locator: '//h2[(text() = 'New Cars by Make' or . = 'New Cars by Make')]'.

28-05-2024T21:50:56 - [MESSAGE][INFO] - Unable to find the element located by 'By.xpath: //*[(text() = 'New Cars by Make' or . = 'New Cars by Make')]'. Please recheck the objects properties to make sure the desired element is located. 

28-05-2024T21:50:58 - [MESSAGE][INFO] - Unable to find the element located by 'By.cssSelector: div.css-1hjysog.ej71frw1 > h2.css-1eagefn.e148eed12'. Please recheck the objects properties to make sure the desired element is located. 

28-05-2024T21:50:59 - [MESSAGE][FAILED] - com.kms.katalon.core.webui.exception.WebElementNotFoundException: Web element with id: 'Object Repository/KBB/Page_Kelley Blue Book  New and Used Car Pri_e90311/h2_New Cars by Make' located by '//main[@id='content']/div[4]/div/div/div/div/h2' not found (Root cause: com.kms.katalon.core.exception.StepFailedException: com.kms.katalon.core.webui.exception.WebElementNotFoundException: Web element with id: 'Object Repository/KBB/Page_Kelley Blue Book  New and Used Car Pri_e90311/h2_New Cars by Make' located by '//main[@id='content']/div[4]/div/div/div/div/h2' not found
	at com.kms.katalon.core.webui.keyword.internal.WebUIKeywordMain.stepFailed(WebUIKeywordMain.groovy:64)
	at com.kms.katalon.core.webui.keyword.builtin.VerifyElementTextKeyword$_verifyElementText_closure1.doCall(VerifyElementTextKeyword.groovy:64)
	at com.kms.katalon.core.webui.keyword.builtin.VerifyElementTextKeyword$_verifyElementText_closure1.call(VerifyElementTextKeyword.groovy)
	at com.kms.katalon.core.webui.keyword.internal.WebUIKeywordMain.runKeyword(WebUIKeywordMain.groovy:20)
	at com.kms.katalon.core.webui.keyword.builtin.VerifyElementTextKeyword.verifyElementText(VerifyElementTextKeyword.groovy:72)
	at com.kms.katalon.core.webui.keyword.builtin.VerifyElementTextKeyword.execute(VerifyElementTextKeyword.groovy:40)
	at com.kms.katalon.core.keyword.internal.KeywordExecutor.executeKeywordForPlatform(KeywordExecutor.groovy:74)
	at com.kms.katalon.core.webui.keyword.WebUiBuiltInKeywords.verifyElementText(WebUiBuiltInKeywords.groovy:4835)
	at test_click-button-1.run(test_click-button-1:24)
	at com.kms.katalon.core.main.ScriptEngine.run(ScriptEngine.java:194)
	at com.kms.katalon.core.main.ScriptEngine.runScriptAsRawText(ScriptEngine.java:119)
	at com.kms.katalon.core.main.TestCaseExecutor.runScript(TestCaseExecutor.java:448)
	at com.kms.katalon.core.main.TestCaseExecutor.doExecute(TestCaseExecutor.java:439)
	at com.kms.katalon.core.main.TestCaseExecutor.processExecutionPhase(TestCaseExecutor.java:418)
	at com.kms.katalon.core.main.TestCaseExecutor.accessMainPhase(TestCaseExecutor.java:410)
	at com.kms.katalon.core.main.TestCaseExecutor.execute(TestCaseExecutor.java:285)
	at com.kms.katalon.core.main.TestCaseExecutor.execute(TestCaseExecutor.java:369)
	at com.kms.katalon.core.main.TestCaseExecutor.execute(TestCaseExecutor.java:369)
	at com.kms.katalon.core.main.TestCaseExecutor.execute(TestCaseExecutor.java:369)
	at com.kms.katalon.core.common.CommonExecutor.accessTestCaseMainPhase(CommonExecutor.java:65)
	at com.kms.katalon.core.main.TestSuiteExecutor.accessTestSuiteMainPhase(TestSuiteExecutor.java:150)
	at com.kms.katalon.core.main.TestSuiteExecutor.execute(TestSuiteExecutor.java:106)
	at com.kms.katalon.core.main.TestCaseMain.startTestSuite(TestCaseMain.java:180)
	at TempTestSuite1716907347330.run(TempTestSuite1716907347330.groovy:35)
	at java.base/jdk.internal.reflect.NativeMethodAccessorImpl.invoke0(Native Method)
	at java.base/jdk.internal.reflect.NativeMethodAccessorImpl.invoke(NativeMethodAccessorImpl.java:77)
	at java.base/jdk.internal.reflect.DelegatingMethodAccessorImpl.invoke(DelegatingMethodAccessorImpl.java:43)
)
[[ATTACHMENT|C:\\Users\\ToanLa\\git\\katalon\\Reports\\20240528_214204\\KBB\\all-kbb\\20240528_214227\\1716907858621.png]]

28-05-2024T21:51:00 - [MESSAGE][FAILED] - Verify element text of test object 'Object Repository/KBB/Page_Kelley Blue Book  New and Used Car Pri_e90311/h2_New Cars by Make' FAILED. (Root cause: com.kms.katalon.core.exception.StepFailedException: Verify element text of test object 'Object Repository/KBB/Page_Kelley Blue Book  New and Used Car Pri_e90311/h2_New Cars by Make' FAILED.
	at com.kms.katalon.core.webui.keyword.internal.WebUIKeywordMain.stepFailed(WebUIKeywordMain.groovy:64)
	at com.kms.katalon.core.webui.keyword.internal.WebUIKeywordMain.runKeyword(WebUIKeywordMain.groovy:26)
	at com.kms.katalon.core.webui.keyword.builtin.VerifyElementTextKeyword.verifyElementText(VerifyElementTextKeyword.groovy:72)
	at com.kms.katalon.core.webui.keyword.builtin.VerifyElementTextKeyword.execute(VerifyElementTextKeyword.groovy:40)
	at com.kms.katalon.core.keyword.internal.KeywordExecutor.executeKeywordForPlatform(KeywordExecutor.groovy:74)
	at com.kms.katalon.core.webui.keyword.WebUiBuiltInKeywords.verifyElementText(WebUiBuiltInKeywords.groovy:4835)
	at test_click-button-1.run(test_click-button-1:24)
	at com.kms.katalon.core.main.ScriptEngine.run(ScriptEngine.java:194)
	at com.kms.katalon.core.main.ScriptEngine.runScriptAsRawText(ScriptEngine.java:119)
	at com.kms.katalon.core.main.TestCaseExecutor.runScript(TestCaseExecutor.java:448)
	at com.kms.katalon.core.main.TestCaseExecutor.doExecute(TestCaseExecutor.java:439)
	at com.kms.katalon.core.main.TestCaseExecutor.processExecutionPhase(TestCaseExecutor.java:418)
	at com.kms.katalon.core.main.TestCaseExecutor.accessMainPhase(TestCaseExecutor.java:410)
	at com.kms.katalon.core.main.TestCaseExecutor.execute(TestCaseExecutor.java:285)
	at com.kms.katalon.core.main.TestCaseExecutor.execute(TestCaseExecutor.java:369)
	at com.kms.katalon.core.main.TestCaseExecutor.execute(TestCaseExecutor.java:369)
	at com.kms.katalon.core.main.TestCaseExecutor.execute(TestCaseExecutor.java:369)
	at com.kms.katalon.core.common.CommonExecutor.accessTestCaseMainPhase(CommonExecutor.java:65)
	at com.kms.katalon.core.main.TestSuiteExecutor.accessTestSuiteMainPhase(TestSuiteExecutor.java:150)
	at com.kms.katalon.core.main.TestSuiteExecutor.execute(TestSuiteExecutor.java:106)
	at com.kms.katalon.core.main.TestCaseMain.startTestSuite(TestCaseMain.java:180)
	at TempTestSuite1716907347330.run(TempTestSuite1716907347330.groovy:35)
	at java.base/jdk.internal.reflect.NativeMethodAccessorImpl.invoke0(Native Method)
	at java.base/jdk.internal.reflect.NativeMethodAccessorImpl.invoke(NativeMethodAccessorImpl.java:77)
	at java.base/jdk.internal.reflect.DelegatingMethodAccessorImpl.invoke(DelegatingMethodAccessorImpl.java:43)
Caused by: com.kms.katalon.core.exception.StepFailedException: com.kms.katalon.core.webui.exception.WebElementNotFoundException: Web element with id: 'Object Repository/KBB/Page_Kelley Blue Book  New and Used Car Pri_e90311/h2_New Cars by Make' located by '//main[@id='content']/div[4]/div/div/div/div/h2' not found
	at com.kms.katalon.core.webui.keyword.internal.WebUIKeywordMain.stepFailed(WebUIKeywordMain.groovy:64)
	at com.kms.katalon.core.webui.keyword.builtin.VerifyElementTextKeyword$_verifyElementText_closure1.doCall(VerifyElementTextKeyword.groovy:64)
	at com.kms.katalon.core.webui.keyword.builtin.VerifyElementTextKeyword$_verifyElementText_closure1.call(VerifyElementTextKeyword.groovy)
	at com.kms.katalon.core.webui.keyword.internal.WebUIKeywordMain.runKeyword(WebUIKeywordMain.groovy:20)
	... 23 more
)
[[ATTACHMENT|C:\\Users\\ToanLa\\git\\katalon\\Reports\\20240528_214204\\KBB\\all-kbb\\20240528_214227\\1716907859636.png]]]]></system-out>
         <system-err><![CDATA[28-05-2024T21:50:03 - [TEST_CASE][FAILED] - Test Cases/KBB/test_click-button-1: Test Cases/KBB/test_click-button-1 FAILED.
Reason:
com.kms.katalon.core.exception.StepFailedException: Verify element text of test object 'Object Repository/KBB/Page_Kelley Blue Book  New and Used Car Pri_e90311/h2_New Cars by Make' FAILED.
	at com.kms.katalon.core.webui.keyword.internal.WebUIKeywordMain.stepFailed(WebUIKeywordMain.groovy:64)
	at com.kms.katalon.core.webui.keyword.internal.WebUIKeywordMain.runKeyword(WebUIKeywordMain.groovy:26)
	at com.kms.katalon.core.webui.keyword.builtin.VerifyElementTextKeyword.verifyElementText(VerifyElementTextKeyword.groovy:72)
	at com.kms.katalon.core.webui.keyword.builtin.VerifyElementTextKeyword.execute(VerifyElementTextKeyword.groovy:40)
	at com.kms.katalon.core.keyword.internal.KeywordExecutor.executeKeywordForPlatform(KeywordExecutor.groovy:74)
	at com.kms.katalon.core.webui.keyword.WebUiBuiltInKeywords.verifyElementText(WebUiBuiltInKeywords.groovy:4835)
	at test_click-button-1.run(test_click-button-1:24)
	at com.kms.katalon.core.main.ScriptEngine.run(ScriptEngine.java:194)
	at com.kms.katalon.core.main.ScriptEngine.runScriptAsRawText(ScriptEngine.java:119)
	at com.kms.katalon.core.main.TestCaseExecutor.runScript(TestCaseExecutor.java:448)
	at com.kms.katalon.core.main.TestCaseExecutor.doExecute(TestCaseExecutor.java:439)
	at com.kms.katalon.core.main.TestCaseExecutor.processExecutionPhase(TestCaseExecutor.java:418)
	at com.kms.katalon.core.main.TestCaseExecutor.accessMainPhase(TestCaseExecutor.java:410)
	at com.kms.katalon.core.main.TestCaseExecutor.execute(TestCaseExecutor.java:285)
	at com.kms.katalon.core.main.TestCaseExecutor.execute(TestCaseExecutor.java:369)
	at com.kms.katalon.core.main.TestCaseExecutor.execute(TestCaseExecutor.java:369)
	at com.kms.katalon.core.main.TestCaseExecutor.execute(TestCaseExecutor.java:369)
	at com.kms.katalon.core.common.CommonExecutor.accessTestCaseMainPhase(CommonExecutor.java:65)
	at com.kms.katalon.core.main.TestSuiteExecutor.accessTestSuiteMainPhase(TestSuiteExecutor.java:150)
	at com.kms.katalon.core.main.TestSuiteExecutor.execute(TestSuiteExecutor.java:106)
	at com.kms.katalon.core.main.TestCaseMain.startTestSuite(TestCaseMain.java:180)
	at TempTestSuite1716907347330.run(TempTestSuite1716907347330.groovy:35)
	at java.base/jdk.internal.reflect.NativeMethodAccessorImpl.invoke0(Native Method)
	at java.base/jdk.internal.reflect.NativeMethodAccessorImpl.invoke(NativeMethodAccessorImpl.java:77)
	at java.base/jdk.internal.reflect.DelegatingMethodAccessorImpl.invoke(DelegatingMethodAccessorImpl.java:43)
Caused by: com.kms.katalon.core.exception.StepFailedException: com.kms.katalon.core.webui.exception.WebElementNotFoundException: Web element with id: 'Object Repository/KBB/Page_Kelley Blue Book  New and Used Car Pri_e90311/h2_New Cars by Make' located by '//main[@id='content']/div[4]/div/div/div/div/h2' not found
	at com.kms.katalon.core.webui.keyword.internal.WebUIKeywordMain.stepFailed(WebUIKeywordMain.groovy:64)
	at com.kms.katalon.core.webui.keyword.builtin.VerifyElementTextKeyword$_verifyElementText_closure1.doCall(VerifyElementTextKeyword.groovy:64)
	at com.kms.katalon.core.webui.keyword.builtin.VerifyElementTextKeyword$_verifyElementText_closure1.call(VerifyElementTextKeyword.groovy)
	at com.kms.katalon.core.webui.keyword.internal.WebUIKeywordMain.runKeyword(WebUIKeywordMain.groovy:20)
	... 23 more]]></system-err>
      </testcase>
      <testcase name="Test Cases/KBB/test_click_button" time="24.971" classname="Test Cases/KBB/test_click_button" status="PASSED">
         <system-out><![CDATA[28-05-2024T21:51:00 - [TEST_CASE][PASSED] - Test Cases/KBB/test_click_button: Test Cases/KBB/test_click_button

28-05-2024T21:51:01 - [TEST_STEP][PASSED] - openBrowser(""): Browser is opened with url: ''

28-05-2024T21:51:01 - [MESSAGE][WARNING] - A browser is already opened. Closing browser and opening a new one

28-05-2024T21:51:02 - [MESSAGE][INFO] - Starting 'Chrome' driver

28-05-2024T21:51:02 - [MESSAGE][INFO] - Action delay is set to 0 milliseconds

28-05-2024T21:51:04 - [MESSAGE][PASSED] - Browser is opened with url: ''

28-05-2024T21:51:04 - [TEST_STEP][PASSED] - navigateToUrl("https://www.kbb.com/"): Navigate to 'https://www.kbb.com/' successfully

28-05-2024T21:51:19 - [MESSAGE][PASSED] - Navigate to 'https://www.kbb.com/' successfully

28-05-2024T21:51:19 - [TEST_STEP][PASSED] - click(findTestObject("Object Repository/KBB/Page_Kelley Blue Book  New and Used Car Pri_e90311/span_Price NewUsed")): Object: 'Object Repository/KBB/Page_Kelley Blue Book  New and Used Car Pri_e90311/span_Price NewUsed' is clicked on

28-05-2024T21:51:24 - [MESSAGE][PASSED] - Object: 'Object Repository/KBB/Page_Kelley Blue Book  New and Used Car Pri_e90311/span_Price NewUsed' is clicked on

28-05-2024T21:51:24 - [TEST_STEP][PASSED] - closeBrowser(): Browser is closed

28-05-2024T21:51:25 - [MESSAGE][PASSED] - Browser is closed]]></system-out>
         <system-err><![CDATA[]]></system-err>
      </testcase>
      <testcase name="Test Cases/KBB/test_footer" time="22.201" classname="Test Cases/KBB/test_footer" status="PASSED">
         <system-out><![CDATA[28-05-2024T21:51:25 - [TEST_CASE][PASSED] - Test Cases/KBB/test_footer: Test Cases/KBB/test_footer

28-05-2024T21:51:25 - [TEST_STEP][PASSED] - openBrowser(""): Browser is opened with url: ''

28-05-2024T21:51:25 - [MESSAGE][INFO] - Starting 'Chrome' driver

28-05-2024T21:51:25 - [MESSAGE][INFO] - Action delay is set to 0 milliseconds

28-05-2024T21:51:27 - [MESSAGE][PASSED] - Browser is opened with url: ''

28-05-2024T21:51:27 - [TEST_STEP][PASSED] - navigateToUrl("https://www.kbb.com/"): Navigate to 'https://www.kbb.com/' successfully

28-05-2024T21:51:43 - [MESSAGE][PASSED] - Navigate to 'https://www.kbb.com/' successfully

28-05-2024T21:51:43 - [TEST_STEP][PASSED] - scrollToPosition(9999999, 9999999): Browser is scrolled to position x = 9999999, y = 9999999

28-05-2024T21:51:43 - [MESSAGE][PASSED] - Browser is scrolled to position x = 9999999, y = 9999999

28-05-2024T21:51:43 - [TEST_STEP][PASSED] - click(findTestObject("Object Repository/Page_Kelley Blue Book  New and Used Car Pri_e90311/a_FAQ")): Object: 'Object Repository/Page_Kelley Blue Book  New and Used Car Pri_e90311/a_FAQ' is clicked on

28-05-2024T21:51:47 - [MESSAGE][PASSED] - Object: 'Object Repository/Page_Kelley Blue Book  New and Used Car Pri_e90311/a_FAQ' is clicked on

28-05-2024T21:51:47 - [TEST_STEP][PASSED] - closeBrowser(): Browser is closed

28-05-2024T21:51:47 - [MESSAGE][PASSED] - Browser is closed]]></system-out>
         <system-err><![CDATA[]]></system-err>
      </testcase>
      <testcase name="Test Cases/KBB/test_logo" time="18.737" classname="Test Cases/KBB/test_logo" status="PASSED">
         <system-out><![CDATA[28-05-2024T21:51:47 - [TEST_CASE][PASSED] - Test Cases/KBB/test_logo: Test Cases/KBB/test_logo

28-05-2024T21:51:47 - [TEST_STEP][PASSED] - openBrowser(""): Browser is opened with url: ''

28-05-2024T21:51:47 - [MESSAGE][INFO] - Starting 'Chrome' driver

28-05-2024T21:51:47 - [MESSAGE][INFO] - Action delay is set to 0 milliseconds

28-05-2024T21:51:49 - [MESSAGE][PASSED] - Browser is opened with url: ''

28-05-2024T21:51:49 - [TEST_STEP][PASSED] - navigateToUrl("https://www.kbb.com/"): Navigate to 'https://www.kbb.com/' successfully

28-05-2024T21:52:04 - [MESSAGE][PASSED] - Navigate to 'https://www.kbb.com/' successfully

28-05-2024T21:52:04 - [TEST_STEP][PASSED] - verifyElementText(findTestObject("Object Repository/KBB/Page_Kelley Blue Book  New and Used Car Pri_e90311/h2_Shop Best Cars"), "Shop Best Cars"): Actual text and expected text of test object 'Object Repository/KBB/Page_Kelley Blue Book  New and Used Car Pri_e90311/h2_Shop Best Cars' are matched.

28-05-2024T21:52:05 - [MESSAGE][PASSED] - Actual text and expected text of test object 'Object Repository/KBB/Page_Kelley Blue Book  New and Used Car Pri_e90311/h2_Shop Best Cars' are matched.

28-05-2024T21:52:05 - [TEST_STEP][PASSED] - closeBrowser(): Browser is closed

28-05-2024T21:52:06 - [MESSAGE][PASSED] - Browser is closed]]></system-out>
         <system-err><![CDATA[]]></system-err>
      </testcase>
      <testcase name="Test Cases/KBB/test_menu_1" time="15.43" classname="Test Cases/KBB/test_menu_1" status="PASSED">
         <system-out><![CDATA[28-05-2024T21:52:06 - [TEST_CASE][PASSED] - Test Cases/KBB/test_menu_1: Test Cases/KBB/test_menu_1

28-05-2024T21:52:06 - [TEST_STEP][PASSED] - openBrowser(""): Browser is opened with url: ''

28-05-2024T21:52:06 - [MESSAGE][INFO] - Starting 'Chrome' driver

28-05-2024T21:52:06 - [MESSAGE][INFO] - Action delay is set to 0 milliseconds

28-05-2024T21:52:08 - [MESSAGE][PASSED] - Browser is opened with url: ''

28-05-2024T21:52:08 - [TEST_STEP][PASSED] - navigateToUrl("https://www.kbb.com/"): Navigate to 'https://www.kbb.com/' successfully

28-05-2024T21:52:18 - [MESSAGE][PASSED] - Navigate to 'https://www.kbb.com/' successfully

28-05-2024T21:52:18 - [TEST_STEP][PASSED] - scrollToPosition(9999999, 9999999): Browser is scrolled to position x = 9999999, y = 9999999

28-05-2024T21:52:18 - [MESSAGE][PASSED] - Browser is scrolled to position x = 9999999, y = 9999999

28-05-2024T21:52:18 - [TEST_STEP][PASSED] - click(findTestObject("Object Repository/Page_Kelley Blue Book  New and Used Car Pri_e90311/a_Contact Us")): Object: 'Object Repository/Page_Kelley Blue Book  New and Used Car Pri_e90311/a_Contact Us' is clicked on

28-05-2024T21:52:22 - [MESSAGE][PASSED] - Object: 'Object Repository/Page_Kelley Blue Book  New and Used Car Pri_e90311/a_Contact Us' is clicked on]]></system-out>
         <system-err><![CDATA[]]></system-err>
      </testcase>
      <testcase name="Test Cases/KBB/test_menu_2" time="18.429" classname="Test Cases/KBB/test_menu_2" status="FAILED">
         <failure type="FAILED" message="Test Cases/KBB/test_menu_2 FAILED.&#xa;Reason:&#xa;com.kms.katalon.core.exception.StepFailedException: Unable to accept alert&#xa;	at com.kms.katalon.core.webui.keyword.internal.WebUIKeywordMain.stepFailed(WebUIKeywordMain.groovy:64)&#xa;	at com.kms.katalon.core.webui.keyword.internal.WebUIKeywordMain.runKeyword(WebUIKeywordMain.groovy:26)&#xa;	at com.kms.katalon.core.webui.keyword.builtin.AcceptAlertKeyword.acceptAlert(AcceptAlertKeyword.groovy:71)&#xa;	at com.kms.katalon.core.webui.keyword.builtin.AcceptAlertKeyword.execute(AcceptAlertKeyword.groovy:66)&#xa;	at com.kms.katalon.core.keyword.internal.KeywordExecutor.executeKeywordForPlatform(KeywordExecutor.groovy:74)&#xa;	at com.kms.katalon.core.webui.keyword.WebUiBuiltInKeywords.acceptAlert(WebUiBuiltInKeywords.groovy:1561)&#xa;	at test_menu_2.run(test_menu_2:26)&#xa;	at com.kms.katalon.core.main.ScriptEngine.run(ScriptEngine.java:194)&#xa;	at com.kms.katalon.core.main.ScriptEngine.runScriptAsRawText(ScriptEngine.java:119)&#xa;	at com.kms.katalon.core.main.TestCaseExecutor.runScript(TestCaseExecutor.java:448)&#xa;	at com.kms.katalon.core.main.TestCaseExecutor.doExecute(TestCaseExecutor.java:439)&#xa;	at com.kms.katalon.core.main.TestCaseExecutor.processExecutionPhase(TestCaseExecutor.java:418)&#xa;	at com.kms.katalon.core.main.TestCaseExecutor.accessMainPhase(TestCaseExecutor.java:410)&#xa;	at com.kms.katalon.core.main.TestCaseExecutor.execute(TestCaseExecutor.java:285)&#xa;	at com.kms.katalon.core.main.TestCaseExecutor.execute(TestCaseExecutor.java:369)&#xa;	at com.kms.katalon.core.main.TestCaseExecutor.execute(TestCaseExecutor.java:369)&#xa;	at com.kms.katalon.core.main.TestCaseExecutor.execute(TestCaseExecutor.java:369)&#xa;	at com.kms.katalon.core.common.CommonExecutor.accessTestCaseMainPhase(CommonExecutor.java:65)&#xa;	at com.kms.katalon.core.main.TestSuiteExecutor.accessTestSuiteMainPhase(TestSuiteExecutor.java:150)&#xa;	at com.kms.katalon.core.main.TestSuiteExecutor.execute(TestSuiteExecutor.java:106)&#xa;	at com.kms.katalon.core.main.TestCaseMain.startTestSuite(TestCaseMain.java:180)&#xa;	at TempTestSuite1716907347330.run(TempTestSuite1716907347330.groovy:35)&#xa;	at java.base/jdk.internal.reflect.NativeMethodAccessorImpl.invoke0(Native Method)&#xa;	at java.base/jdk.internal.reflect.NativeMethodAccessorImpl.invoke(NativeMethodAccessorImpl.java:77)&#xa;	at java.base/jdk.internal.reflect.DelegatingMethodAccessorImpl.invoke(DelegatingMethodAccessorImpl.java:43)&#xa;Caused by: com.kms.katalon.core.exception.StepFailedException: No alert found&#xa;	at com.kms.katalon.core.webui.keyword.internal.WebUIKeywordMain.stepFailed(WebUIKeywordMain.groovy:64)&#xa;	at com.kms.katalon.core.webui.keyword.builtin.AcceptAlertKeyword$_acceptAlert_closure1.doCall(AcceptAlertKeyword.groovy:78)&#xa;	at com.kms.katalon.core.webui.keyword.builtin.AcceptAlertKeyword$_acceptAlert_closure1.call(AcceptAlertKeyword.groovy)&#xa;	at com.kms.katalon.core.webui.keyword.internal.WebUIKeywordMain.runKeyword(WebUIKeywordMain.groovy:20)&#xa;	... 23 more&#xa;"/>
         <system-out><![CDATA[28-05-2024T21:53:14 - [TEST_CASE][FAILED] - Test Cases/KBB/test_menu_2: Test Cases/KBB/test_menu_2 FAILED.
Reason:
com.kms.katalon.core.exception.StepFailedException: Unable to accept alert
	at com.kms.katalon.core.webui.keyword.internal.WebUIKeywordMain.stepFailed(WebUIKeywordMain.groovy:64)
	at com.kms.katalon.core.webui.keyword.internal.WebUIKeywordMain.runKeyword(WebUIKeywordMain.groovy:26)
	at com.kms.katalon.core.webui.keyword.builtin.AcceptAlertKeyword.acceptAlert(AcceptAlertKeyword.groovy:71)
	at com.kms.katalon.core.webui.keyword.builtin.AcceptAlertKeyword.execute(AcceptAlertKeyword.groovy:66)
	at com.kms.katalon.core.keyword.internal.KeywordExecutor.executeKeywordForPlatform(KeywordExecutor.groovy:74)
	at com.kms.katalon.core.webui.keyword.WebUiBuiltInKeywords.acceptAlert(WebUiBuiltInKeywords.groovy:1561)
	at test_menu_2.run(test_menu_2:26)
	at com.kms.katalon.core.main.ScriptEngine.run(ScriptEngine.java:194)
	at com.kms.katalon.core.main.ScriptEngine.runScriptAsRawText(ScriptEngine.java:119)
	at com.kms.katalon.core.main.TestCaseExecutor.runScript(TestCaseExecutor.java:448)
	at com.kms.katalon.core.main.TestCaseExecutor.doExecute(TestCaseExecutor.java:439)
	at com.kms.katalon.core.main.TestCaseExecutor.processExecutionPhase(TestCaseExecutor.java:418)
	at com.kms.katalon.core.main.TestCaseExecutor.accessMainPhase(TestCaseExecutor.java:410)
	at com.kms.katalon.core.main.TestCaseExecutor.execute(TestCaseExecutor.java:285)
	at com.kms.katalon.core.main.TestCaseExecutor.execute(TestCaseExecutor.java:369)
	at com.kms.katalon.core.main.TestCaseExecutor.execute(TestCaseExecutor.java:369)
	at com.kms.katalon.core.main.TestCaseExecutor.execute(TestCaseExecutor.java:369)
	at com.kms.katalon.core.common.CommonExecutor.accessTestCaseMainPhase(CommonExecutor.java:65)
	at com.kms.katalon.core.main.TestSuiteExecutor.accessTestSuiteMainPhase(TestSuiteExecutor.java:150)
	at com.kms.katalon.core.main.TestSuiteExecutor.execute(TestSuiteExecutor.java:106)
	at com.kms.katalon.core.main.TestCaseMain.startTestSuite(TestCaseMain.java:180)
	at TempTestSuite1716907347330.run(TempTestSuite1716907347330.groovy:35)
	at java.base/jdk.internal.reflect.NativeMethodAccessorImpl.invoke0(Native Method)
	at java.base/jdk.internal.reflect.NativeMethodAccessorImpl.invoke(NativeMethodAccessorImpl.java:77)
	at java.base/jdk.internal.reflect.DelegatingMethodAccessorImpl.invoke(DelegatingMethodAccessorImpl.java:43)
Caused by: com.kms.katalon.core.exception.StepFailedException: No alert found
	at com.kms.katalon.core.webui.keyword.internal.WebUIKeywordMain.stepFailed(WebUIKeywordMain.groovy:64)
	at com.kms.katalon.core.webui.keyword.builtin.AcceptAlertKeyword$_acceptAlert_closure1.doCall(AcceptAlertKeyword.groovy:78)
	at com.kms.katalon.core.webui.keyword.builtin.AcceptAlertKeyword$_acceptAlert_closure1.call(AcceptAlertKeyword.groovy)
	at com.kms.katalon.core.webui.keyword.internal.WebUIKeywordMain.runKeyword(WebUIKeywordMain.groovy:20)
	... 23 more


28-05-2024T21:53:14 - [TEST_STEP][PASSED] - openBrowser(""): Browser is opened with url: ''

28-05-2024T21:53:14 - [MESSAGE][WARNING] - A browser is already opened. Closing browser and opening a new one

28-05-2024T21:53:14 - [MESSAGE][INFO] - Starting 'Chrome' driver

28-05-2024T21:53:14 - [MESSAGE][INFO] - Action delay is set to 0 milliseconds

28-05-2024T21:53:16 - [MESSAGE][PASSED] - Browser is opened with url: ''

28-05-2024T21:53:16 - [TEST_STEP][PASSED] - navigateToUrl("https://www.kbb.com/"): Navigate to 'https://www.kbb.com/' successfully

28-05-2024T21:53:30 - [MESSAGE][PASSED] - Navigate to 'https://www.kbb.com/' successfully

28-05-2024T21:53:30 - [TEST_STEP][PASSED] - scrollToPosition(9999999, 9999999): Browser is scrolled to position x = 9999999, y = 9999999

28-05-2024T21:53:30 - [MESSAGE][PASSED] - Browser is scrolled to position x = 9999999, y = 9999999

28-05-2024T21:53:30 - [TEST_STEP][FAILED] - acceptAlert(): Unable to accept alert (Root cause: com.kms.katalon.core.exception.StepFailedException: Unable to accept alert
	at com.kms.katalon.core.webui.keyword.internal.WebUIKeywordMain.stepFailed(WebUIKeywordMain.groovy:64)
	at com.kms.katalon.core.webui.keyword.internal.WebUIKeywordMain.runKeyword(WebUIKeywordMain.groovy:26)
	at com.kms.katalon.core.webui.keyword.builtin.AcceptAlertKeyword.acceptAlert(AcceptAlertKeyword.groovy:71)
	at com.kms.katalon.core.webui.keyword.builtin.AcceptAlertKeyword.execute(AcceptAlertKeyword.groovy:66)
	at com.kms.katalon.core.keyword.internal.KeywordExecutor.executeKeywordForPlatform(KeywordExecutor.groovy:74)
	at com.kms.katalon.core.webui.keyword.WebUiBuiltInKeywords.acceptAlert(WebUiBuiltInKeywords.groovy:1561)
	at test_menu_2.run(test_menu_2:26)
	at com.kms.katalon.core.main.ScriptEngine.run(ScriptEngine.java:194)
	at com.kms.katalon.core.main.ScriptEngine.runScriptAsRawText(ScriptEngine.java:119)
	at com.kms.katalon.core.main.TestCaseExecutor.runScript(TestCaseExecutor.java:448)
	at com.kms.katalon.core.main.TestCaseExecutor.doExecute(TestCaseExecutor.java:439)
	at com.kms.katalon.core.main.TestCaseExecutor.processExecutionPhase(TestCaseExecutor.java:418)
	at com.kms.katalon.core.main.TestCaseExecutor.accessMainPhase(TestCaseExecutor.java:410)
	at com.kms.katalon.core.main.TestCaseExecutor.execute(TestCaseExecutor.java:285)
	at com.kms.katalon.core.main.TestCaseExecutor.execute(TestCaseExecutor.java:369)
	at com.kms.katalon.core.main.TestCaseExecutor.execute(TestCaseExecutor.java:369)
	at com.kms.katalon.core.main.TestCaseExecutor.execute(TestCaseExecutor.java:369)
	at com.kms.katalon.core.common.CommonExecutor.accessTestCaseMainPhase(CommonExecutor.java:65)
	at com.kms.katalon.core.main.TestSuiteExecutor.accessTestSuiteMainPhase(TestSuiteExecutor.java:150)
	at com.kms.katalon.core.main.TestSuiteExecutor.execute(TestSuiteExecutor.java:106)
	at com.kms.katalon.core.main.TestCaseMain.startTestSuite(TestCaseMain.java:180)
	at TempTestSuite1716907347330.run(TempTestSuite1716907347330.groovy:35)
	at java.base/jdk.internal.reflect.NativeMethodAccessorImpl.invoke0(Native Method)
	at java.base/jdk.internal.reflect.NativeMethodAccessorImpl.invoke(NativeMethodAccessorImpl.java:77)
	at java.base/jdk.internal.reflect.DelegatingMethodAccessorImpl.invoke(DelegatingMethodAccessorImpl.java:43)
Caused by: com.kms.katalon.core.exception.StepFailedException: No alert found
	at com.kms.katalon.core.webui.keyword.internal.WebUIKeywordMain.stepFailed(WebUIKeywordMain.groovy:64)
	at com.kms.katalon.core.webui.keyword.builtin.AcceptAlertKeyword$_acceptAlert_closure1.doCall(AcceptAlertKeyword.groovy:78)
	at com.kms.katalon.core.webui.keyword.builtin.AcceptAlertKeyword$_acceptAlert_closure1.call(AcceptAlertKeyword.groovy)
	at com.kms.katalon.core.webui.keyword.internal.WebUIKeywordMain.runKeyword(WebUIKeywordMain.groovy:20)
	... 23 more
)

28-05-2024T21:53:31 - [MESSAGE][FAILED] - No alert found (Root cause: com.kms.katalon.core.exception.StepFailedException: No alert found
	at com.kms.katalon.core.webui.keyword.internal.WebUIKeywordMain.stepFailed(WebUIKeywordMain.groovy:64)
	at com.kms.katalon.core.webui.keyword.builtin.AcceptAlertKeyword$_acceptAlert_closure1.doCall(AcceptAlertKeyword.groovy:78)
	at com.kms.katalon.core.webui.keyword.builtin.AcceptAlertKeyword$_acceptAlert_closure1.call(AcceptAlertKeyword.groovy)
	at com.kms.katalon.core.webui.keyword.internal.WebUIKeywordMain.runKeyword(WebUIKeywordMain.groovy:20)
	at com.kms.katalon.core.webui.keyword.builtin.AcceptAlertKeyword.acceptAlert(AcceptAlertKeyword.groovy:71)
	at com.kms.katalon.core.webui.keyword.builtin.AcceptAlertKeyword.execute(AcceptAlertKeyword.groovy:66)
	at com.kms.katalon.core.keyword.internal.KeywordExecutor.executeKeywordForPlatform(KeywordExecutor.groovy:74)
	at com.kms.katalon.core.webui.keyword.WebUiBuiltInKeywords.acceptAlert(WebUiBuiltInKeywords.groovy:1561)
	at test_menu_2.run(test_menu_2:26)
	at com.kms.katalon.core.main.ScriptEngine.run(ScriptEngine.java:194)
	at com.kms.katalon.core.main.ScriptEngine.runScriptAsRawText(ScriptEngine.java:119)
	at com.kms.katalon.core.main.TestCaseExecutor.runScript(TestCaseExecutor.java:448)
	at com.kms.katalon.core.main.TestCaseExecutor.doExecute(TestCaseExecutor.java:439)
	at com.kms.katalon.core.main.TestCaseExecutor.processExecutionPhase(TestCaseExecutor.java:418)
	at com.kms.katalon.core.main.TestCaseExecutor.accessMainPhase(TestCaseExecutor.java:410)
	at com.kms.katalon.core.main.TestCaseExecutor.execute(TestCaseExecutor.java:285)
	at com.kms.katalon.core.main.TestCaseExecutor.execute(TestCaseExecutor.java:369)
	at com.kms.katalon.core.main.TestCaseExecutor.execute(TestCaseExecutor.java:369)
	at com.kms.katalon.core.main.TestCaseExecutor.execute(TestCaseExecutor.java:369)
	at com.kms.katalon.core.common.CommonExecutor.accessTestCaseMainPhase(CommonExecutor.java:65)
	at com.kms.katalon.core.main.TestSuiteExecutor.accessTestSuiteMainPhase(TestSuiteExecutor.java:150)
	at com.kms.katalon.core.main.TestSuiteExecutor.execute(TestSuiteExecutor.java:106)
	at com.kms.katalon.core.main.TestCaseMain.startTestSuite(TestCaseMain.java:180)
	at TempTestSuite1716907347330.run(TempTestSuite1716907347330.groovy:35)
	at java.base/jdk.internal.reflect.NativeMethodAccessorImpl.invoke0(Native Method)
	at java.base/jdk.internal.reflect.NativeMethodAccessorImpl.invoke(NativeMethodAccessorImpl.java:77)
	at java.base/jdk.internal.reflect.DelegatingMethodAccessorImpl.invoke(DelegatingMethodAccessorImpl.java:43)
)
[[ATTACHMENT|C:\\Users\\ToanLa\\git\\katalon\\Reports\\20240528_214204\\KBB\\all-kbb\\20240528_214227\\1716908010544.png]]

28-05-2024T21:53:32 - [MESSAGE][FAILED] - Unable to accept alert (Root cause: com.kms.katalon.core.exception.StepFailedException: Unable to accept alert
	at com.kms.katalon.core.webui.keyword.internal.WebUIKeywordMain.stepFailed(WebUIKeywordMain.groovy:64)
	at com.kms.katalon.core.webui.keyword.internal.WebUIKeywordMain.runKeyword(WebUIKeywordMain.groovy:26)
	at com.kms.katalon.core.webui.keyword.builtin.AcceptAlertKeyword.acceptAlert(AcceptAlertKeyword.groovy:71)
	at com.kms.katalon.core.webui.keyword.builtin.AcceptAlertKeyword.execute(AcceptAlertKeyword.groovy:66)
	at com.kms.katalon.core.keyword.internal.KeywordExecutor.executeKeywordForPlatform(KeywordExecutor.groovy:74)
	at com.kms.katalon.core.webui.keyword.WebUiBuiltInKeywords.acceptAlert(WebUiBuiltInKeywords.groovy:1561)
	at test_menu_2.run(test_menu_2:26)
	at com.kms.katalon.core.main.ScriptEngine.run(ScriptEngine.java:194)
	at com.kms.katalon.core.main.ScriptEngine.runScriptAsRawText(ScriptEngine.java:119)
	at com.kms.katalon.core.main.TestCaseExecutor.runScript(TestCaseExecutor.java:448)
	at com.kms.katalon.core.main.TestCaseExecutor.doExecute(TestCaseExecutor.java:439)
	at com.kms.katalon.core.main.TestCaseExecutor.processExecutionPhase(TestCaseExecutor.java:418)
	at com.kms.katalon.core.main.TestCaseExecutor.accessMainPhase(TestCaseExecutor.java:410)
	at com.kms.katalon.core.main.TestCaseExecutor.execute(TestCaseExecutor.java:285)
	at com.kms.katalon.core.main.TestCaseExecutor.execute(TestCaseExecutor.java:369)
	at com.kms.katalon.core.main.TestCaseExecutor.execute(TestCaseExecutor.java:369)
	at com.kms.katalon.core.main.TestCaseExecutor.execute(TestCaseExecutor.java:369)
	at com.kms.katalon.core.common.CommonExecutor.accessTestCaseMainPhase(CommonExecutor.java:65)
	at com.kms.katalon.core.main.TestSuiteExecutor.accessTestSuiteMainPhase(TestSuiteExecutor.java:150)
	at com.kms.katalon.core.main.TestSuiteExecutor.execute(TestSuiteExecutor.java:106)
	at com.kms.katalon.core.main.TestCaseMain.startTestSuite(TestCaseMain.java:180)
	at TempTestSuite1716907347330.run(TempTestSuite1716907347330.groovy:35)
	at java.base/jdk.internal.reflect.NativeMethodAccessorImpl.invoke0(Native Method)
	at java.base/jdk.internal.reflect.NativeMethodAccessorImpl.invoke(NativeMethodAccessorImpl.java:77)
	at java.base/jdk.internal.reflect.DelegatingMethodAccessorImpl.invoke(DelegatingMethodAccessorImpl.java:43)
Caused by: com.kms.katalon.core.exception.StepFailedException: No alert found
	at com.kms.katalon.core.webui.keyword.internal.WebUIKeywordMain.stepFailed(WebUIKeywordMain.groovy:64)
	at com.kms.katalon.core.webui.keyword.builtin.AcceptAlertKeyword$_acceptAlert_closure1.doCall(AcceptAlertKeyword.groovy:78)
	at com.kms.katalon.core.webui.keyword.builtin.AcceptAlertKeyword$_acceptAlert_closure1.call(AcceptAlertKeyword.groovy)
	at com.kms.katalon.core.webui.keyword.internal.WebUIKeywordMain.runKeyword(WebUIKeywordMain.groovy:20)
	... 23 more
)
[[ATTACHMENT|C:\\Users\\ToanLa\\git\\katalon\\Reports\\20240528_214204\\KBB\\all-kbb\\20240528_214227\\1716908011681.png]]]]></system-out>
         <system-err><![CDATA[28-05-2024T21:53:14 - [TEST_CASE][FAILED] - Test Cases/KBB/test_menu_2: Test Cases/KBB/test_menu_2 FAILED.
Reason:
com.kms.katalon.core.exception.StepFailedException: Unable to accept alert
	at com.kms.katalon.core.webui.keyword.internal.WebUIKeywordMain.stepFailed(WebUIKeywordMain.groovy:64)
	at com.kms.katalon.core.webui.keyword.internal.WebUIKeywordMain.runKeyword(WebUIKeywordMain.groovy:26)
	at com.kms.katalon.core.webui.keyword.builtin.AcceptAlertKeyword.acceptAlert(AcceptAlertKeyword.groovy:71)
	at com.kms.katalon.core.webui.keyword.builtin.AcceptAlertKeyword.execute(AcceptAlertKeyword.groovy:66)
	at com.kms.katalon.core.keyword.internal.KeywordExecutor.executeKeywordForPlatform(KeywordExecutor.groovy:74)
	at com.kms.katalon.core.webui.keyword.WebUiBuiltInKeywords.acceptAlert(WebUiBuiltInKeywords.groovy:1561)
	at test_menu_2.run(test_menu_2:26)
	at com.kms.katalon.core.main.ScriptEngine.run(ScriptEngine.java:194)
	at com.kms.katalon.core.main.ScriptEngine.runScriptAsRawText(ScriptEngine.java:119)
	at com.kms.katalon.core.main.TestCaseExecutor.runScript(TestCaseExecutor.java:448)
	at com.kms.katalon.core.main.TestCaseExecutor.doExecute(TestCaseExecutor.java:439)
	at com.kms.katalon.core.main.TestCaseExecutor.processExecutionPhase(TestCaseExecutor.java:418)
	at com.kms.katalon.core.main.TestCaseExecutor.accessMainPhase(TestCaseExecutor.java:410)
	at com.kms.katalon.core.main.TestCaseExecutor.execute(TestCaseExecutor.java:285)
	at com.kms.katalon.core.main.TestCaseExecutor.execute(TestCaseExecutor.java:369)
	at com.kms.katalon.core.main.TestCaseExecutor.execute(TestCaseExecutor.java:369)
	at com.kms.katalon.core.main.TestCaseExecutor.execute(TestCaseExecutor.java:369)
	at com.kms.katalon.core.common.CommonExecutor.accessTestCaseMainPhase(CommonExecutor.java:65)
	at com.kms.katalon.core.main.TestSuiteExecutor.accessTestSuiteMainPhase(TestSuiteExecutor.java:150)
	at com.kms.katalon.core.main.TestSuiteExecutor.execute(TestSuiteExecutor.java:106)
	at com.kms.katalon.core.main.TestCaseMain.startTestSuite(TestCaseMain.java:180)
	at TempTestSuite1716907347330.run(TempTestSuite1716907347330.groovy:35)
	at java.base/jdk.internal.reflect.NativeMethodAccessorImpl.invoke0(Native Method)
	at java.base/jdk.internal.reflect.NativeMethodAccessorImpl.invoke(NativeMethodAccessorImpl.java:77)
	at java.base/jdk.internal.reflect.DelegatingMethodAccessorImpl.invoke(DelegatingMethodAccessorImpl.java:43)
Caused by: com.kms.katalon.core.exception.StepFailedException: No alert found
	at com.kms.katalon.core.webui.keyword.internal.WebUIKeywordMain.stepFailed(WebUIKeywordMain.groovy:64)
	at com.kms.katalon.core.webui.keyword.builtin.AcceptAlertKeyword$_acceptAlert_closure1.doCall(AcceptAlertKeyword.groovy:78)
	at com.kms.katalon.core.webui.keyword.builtin.AcceptAlertKeyword$_acceptAlert_closure1.call(AcceptAlertKeyword.groovy)
	at com.kms.katalon.core.webui.keyword.internal.WebUIKeywordMain.runKeyword(WebUIKeywordMain.groovy:20)
	... 23 more]]></system-err>
      </testcase>
      <testcase name="Test Cases/KBB/test_title_text" time="20.464" classname="Test Cases/KBB/test_title_text" status="PASSED">
         <system-out><![CDATA[28-05-2024T21:53:32 - [TEST_CASE][PASSED] - Test Cases/KBB/test_title_text: Test Cases/KBB/test_title_text

28-05-2024T21:53:32 - [TEST_STEP][PASSED] - openBrowser(""): Browser is opened with url: ''

28-05-2024T21:53:32 - [MESSAGE][WARNING] - A browser is already opened. Closing browser and opening a new one

28-05-2024T21:53:33 - [MESSAGE][INFO] - Starting 'Chrome' driver

28-05-2024T21:53:33 - [MESSAGE][INFO] - Action delay is set to 0 milliseconds

28-05-2024T21:53:34 - [MESSAGE][PASSED] - Browser is opened with url: ''

28-05-2024T21:53:34 - [TEST_STEP][PASSED] - navigateToUrl("https://www.kbb.com/"): Navigate to 'https://www.kbb.com/' successfully

28-05-2024T21:53:44 - [MESSAGE][PASSED] - Navigate to 'https://www.kbb.com/' successfully

28-05-2024T21:53:44 - [TEST_STEP][PASSED] - verifyElementText(findTestObject("Object Repository/KBB/Page_Kelley Blue Book  New and Used Car Pri_e90311/div_Sign In-fe7-68a-fe4"), "Sign In"): Actual text and expected text of test object 'Object Repository/KBB/Page_Kelley Blue Book  New and Used Car Pri_e90311/div_Sign In-fe7-68a-fe4' are matched.

28-05-2024T21:53:46 - [MESSAGE][WARNING] - [SELF-HEALING] Failed to find element with id 'Object Repository/KBB/Page_Kelley Blue Book  New and Used Car Pri_e90311/div_Sign In-fe7-68a-fe4'. Try using Self-healing.

28-05-2024T21:53:47 - [MESSAGE][WARNING] - Timeout '0' is invalid. Using default page load timeout: '30'

28-05-2024T21:53:49 - [MESSAGE][WARNING] - [SELF-HEALING] javascript error: {"status":12,"value":"Failed to execute 'querySelectorAll' on 'DocumentFragment': 'nav.nav__main.flex.flex-col.items-end.text-argo-clrs-primarywhite.font-open-sans.h-[64px].w-[77px].xl:w-[129px].mr-[8px].xl:mr-[0px].false > button.menu-toggle.h-full.w-full.font-open-sans.text-center.self-center.justify-center.bg-transparent.py-[20px].px-[12px].xl:px-[0px].xl:py-[0px].logged-out-menu > div.flex.h-full.w-full.items-center.justify-start > div.text-white.argo-typographyXSMedium.self-center.w-[53px].xl:pl-[24px].xl:py-[24px].false' is not a valid selector."}
  (Session info: chrome=125.0.6422.112)
Build info: version: '3.141.59', revision: 'e82be7d358', time: '2018-11-14T08:25:53'
System info: host: 'DESKTOP-QSIPVT9', ip: '192.168.1.8', os.name: 'Windows 11', os.arch: 'amd64', os.version: '10.0', java.version: '17.0.7'
Driver info: com.kms.katalon.selenium.driver.CChromeDriver
Capabilities {acceptInsecureCerts: false, browserName: chrome, browserVersion: 125.0.6422.112, chrome: {chromedriverVersion: 125.0.6422.78 (14db42ec38ad..., userDataDir: C:\Users\ToanLa\AppData\Loc...}, fedcm:accounts: true, goog:chromeOptions: {debuggerAddress: localhost:58092}, javascriptEnabled: true, networkConnectionEnabled: false, pageLoadStrategy: normal, platform: WINDOWS, platformName: WINDOWS, proxy: Proxy(), setWindowRect: true, strictFileInteractability: false, timeouts: {implicit: 0, pageLoad: 300000, script: 30000}, unhandledPromptBehavior: dismiss and notify, webauthn:extension:credBlob: true, webauthn:extension:largeBlob: true, webauthn:extension:minPinLength: true, webauthn:extension:prf: true, webauthn:virtualAuthenticators: true}
Session ID: eeb05cbb62659ffc6782553f64587063

28-05-2024T21:53:49 - [MESSAGE][INFO] - [SELF-HEALING] Screenshot: C:/Users/ToanLa/git/katalon/Reports/Self-healing/Object Repository/KBB/Page_Kelley Blue Book  New and Used Car Pri_e90311/div_Sign In-fe7-68a-fe4_SMART_LOCATOR.png

28-05-2024T21:53:49 - [MESSAGE][WARNING] - [SELF-HEALING] The current locator of test object 'Object Repository/KBB/Page_Kelley Blue Book  New and Used Car Pri_e90311/div_Sign In-fe7-68a-fe4' was broken. Propose an alternative one: 'internal:label="Open menu"i'.

28-05-2024T21:53:49 - [MESSAGE][PASSED] - Actual text and expected text of test object 'Object Repository/KBB/Page_Kelley Blue Book  New and Used Car Pri_e90311/div_Sign In-fe7-68a-fe4' are matched.

28-05-2024T21:53:49 - [TEST_STEP][PASSED] - click(findTestObject("Object Repository/KBB/Page_Kelley Blue Book  New and Used Car Pri_e90311/div_Sign In-fe7-68a-fe4")): Object: 'Object Repository/KBB/Page_Kelley Blue Book  New and Used Car Pri_e90311/div_Sign In-fe7-68a-fe4' is clicked on

28-05-2024T21:53:50 - [MESSAGE][WARNING] - [SELF-HEALING] Failed to find element with id 'Object Repository/KBB/Page_Kelley Blue Book  New and Used Car Pri_e90311/div_Sign In-fe7-68a-fe4'. Try using Self-healing.

28-05-2024T21:53:51 - [MESSAGE][WARNING] - Timeout '0' is invalid. Using default page load timeout: '30'

28-05-2024T21:53:51 - [MESSAGE][WARNING] - [SELF-HEALING] javascript error: {"status":12,"value":"Failed to execute 'querySelectorAll' on 'DocumentFragment': 'nav.nav__main.flex.flex-col.items-end.text-argo-clrs-primarywhite.font-open-sans.h-[64px].w-[77px].xl:w-[129px].mr-[8px].xl:mr-[0px].false > button.menu-toggle.h-full.w-full.font-open-sans.text-center.self-center.justify-center.bg-transparent.py-[20px].px-[12px].xl:px-[0px].xl:py-[0px].logged-out-menu > div.flex.h-full.w-full.items-center.justify-start > div.text-white.argo-typographyXSMedium.self-center.w-[53px].xl:pl-[24px].xl:py-[24px].false' is not a valid selector."}
  (Session info: chrome=125.0.6422.112)
Build info: version: '3.141.59', revision: 'e82be7d358', time: '2018-11-14T08:25:53'
System info: host: 'DESKTOP-QSIPVT9', ip: '192.168.1.8', os.name: 'Windows 11', os.arch: 'amd64', os.version: '10.0', java.version: '17.0.7'
Driver info: com.kms.katalon.selenium.driver.CChromeDriver
Capabilities {acceptInsecureCerts: false, browserName: chrome, browserVersion: 125.0.6422.112, chrome: {chromedriverVersion: 125.0.6422.78 (14db42ec38ad..., userDataDir: C:\Users\ToanLa\AppData\Loc...}, fedcm:accounts: true, goog:chromeOptions: {debuggerAddress: localhost:58092}, javascriptEnabled: true, networkConnectionEnabled: false, pageLoadStrategy: normal, platform: WINDOWS, platformName: WINDOWS, proxy: Proxy(), setWindowRect: true, strictFileInteractability: false, timeouts: {implicit: 0, pageLoad: 300000, script: 30000}, unhandledPromptBehavior: dismiss and notify, webauthn:extension:credBlob: true, webauthn:extension:largeBlob: true, webauthn:extension:minPinLength: true, webauthn:extension:prf: true, webauthn:virtualAuthenticators: true}
Session ID: eeb05cbb62659ffc6782553f64587063

28-05-2024T21:53:52 - [MESSAGE][INFO] - [SELF-HEALING] Screenshot: C:/Users/ToanLa/git/katalon/Reports/Self-healing/Object Repository/KBB/Page_Kelley Blue Book  New and Used Car Pri_e90311/div_Sign In-fe7-68a-fe4_SMART_LOCATOR.png

28-05-2024T21:53:52 - [MESSAGE][WARNING] - [SELF-HEALING] The current locator of test object 'Object Repository/KBB/Page_Kelley Blue Book  New and Used Car Pri_e90311/div_Sign In-fe7-68a-fe4' was broken. Propose an alternative one: 'internal:label="Open menu"i'.

28-05-2024T21:53:52 - [MESSAGE][PASSED] - Object: 'Object Repository/KBB/Page_Kelley Blue Book  New and Used Car Pri_e90311/div_Sign In-fe7-68a-fe4' is clicked on

28-05-2024T21:53:52 - [TEST_STEP][PASSED] - closeBrowser(): Browser is closed

28-05-2024T21:53:52 - [MESSAGE][PASSED] - Browser is closed]]></system-out>
         <system-err><![CDATA[]]></system-err>
      </testcase>
      <system-out><![CDATA[28-05-2024T21:44:19 - [TEST_SUITE][FAILED] - all-kbb: Test Cases/KBB/test_click-button-1 FAILED.
Reason:
com.kms.katalon.core.exception.StepFailedException: Verify element text of test object 'Object Repository/KBB/Page_Kelley Blue Book  New and Used Car Pri_e90311/h2_New Cars by Make' FAILED.
	at com.kms.katalon.core.webui.keyword.internal.WebUIKeywordMain.stepFailed(WebUIKeywordMain.groovy:64)
	at com.kms.katalon.core.webui.keyword.internal.WebUIKeywordMain.runKeyword(WebUIKeywordMain.groovy:26)
	at com.kms.katalon.core.webui.keyword.builtin.VerifyElementTextKeyword.verifyElementText(VerifyElementTextKeyword.groovy:72)
	at com.kms.katalon.core.webui.keyword.builtin.VerifyElementTextKeyword.execute(VerifyElementTextKeyword.groovy:40)
	at com.kms.katalon.core.keyword.internal.KeywordExecutor.executeKeywordForPlatform(KeywordExecutor.groovy:74)
	at com.kms.katalon.core.webui.keyword.WebUiBuiltInKeywords.verifyElementText(WebUiBuiltInKeywords.groovy:4835)
	at test_click-button-1.run(test_click-button-1:24)
	at com.kms.katalon.core.main.ScriptEngine.run(ScriptEngine.java:194)
	at com.kms.katalon.core.main.ScriptEngine.runScriptAsRawText(ScriptEngine.java:119)
	at com.kms.katalon.core.main.TestCaseExecutor.runScript(TestCaseExecutor.java:448)
	at com.kms.katalon.core.main.TestCaseExecutor.doExecute(TestCaseExecutor.java:439)
	at com.kms.katalon.core.main.TestCaseExecutor.processExecutionPhase(TestCaseExecutor.java:418)
	at com.kms.katalon.core.main.TestCaseExecutor.accessMainPhase(TestCaseExecutor.java:410)
	at com.kms.katalon.core.main.TestCaseExecutor.execute(TestCaseExecutor.java:285)
	at com.kms.katalon.core.common.CommonExecutor.accessTestCaseMainPhase(CommonExecutor.java:65)
	at com.kms.katalon.core.main.TestSuiteExecutor.accessTestSuiteMainPhase(TestSuiteExecutor.java:150)
	at com.kms.katalon.core.main.TestSuiteExecutor.execute(TestSuiteExecutor.java:106)
	at com.kms.katalon.core.main.TestCaseMain.startTestSuite(TestCaseMain.java:180)
	at TempTestSuite1716907347330.run(TempTestSuite1716907347330.groovy:35)
	at java.base/jdk.internal.reflect.NativeMethodAccessorImpl.invoke0(Native Method)
	at java.base/jdk.internal.reflect.NativeMethodAccessorImpl.invoke(NativeMethodAccessorImpl.java:77)
	at java.base/jdk.internal.reflect.DelegatingMethodAccessorImpl.invoke(DelegatingMethodAccessorImpl.java:43)
Caused by: com.kms.katalon.core.exception.StepFailedException: com.kms.katalon.core.webui.exception.WebElementNotFoundException: Web element with id: 'Object Repository/KBB/Page_Kelley Blue Book  New and Used Car Pri_e90311/h2_New Cars by Make' located by '//main[@id='content']/div[4]/div/div/div/div/h2' not found
	at com.kms.katalon.core.webui.keyword.internal.WebUIKeywordMain.stepFailed(WebUIKeywordMain.groovy:64)
	at com.kms.katalon.core.webui.keyword.builtin.VerifyElementTextKeyword$_verifyElementText_closure1.doCall(VerifyElementTextKeyword.groovy:64)
	at com.kms.katalon.core.webui.keyword.builtin.VerifyElementTextKeyword$_verifyElementText_closure1.call(VerifyElementTextKeyword.groovy)
	at com.kms.katalon.core.webui.keyword.internal.WebUIKeywordMain.runKeyword(WebUIKeywordMain.groovy:20)
	... 20 more]]></system-out>
      <system-err><![CDATA[28-05-2024T21:44:19 - [TEST_SUITE][FAILED] - all-kbb: Test Cases/KBB/test_click-button-1 FAILED.
Reason:
com.kms.katalon.core.exception.StepFailedException: Verify element text of test object 'Object Repository/KBB/Page_Kelley Blue Book  New and Used Car Pri_e90311/h2_New Cars by Make' FAILED.
	at com.kms.katalon.core.webui.keyword.internal.WebUIKeywordMain.stepFailed(WebUIKeywordMain.groovy:64)
	at com.kms.katalon.core.webui.keyword.internal.WebUIKeywordMain.runKeyword(WebUIKeywordMain.groovy:26)
	at com.kms.katalon.core.webui.keyword.builtin.VerifyElementTextKeyword.verifyElementText(VerifyElementTextKeyword.groovy:72)
	at com.kms.katalon.core.webui.keyword.builtin.VerifyElementTextKeyword.execute(VerifyElementTextKeyword.groovy:40)
	at com.kms.katalon.core.keyword.internal.KeywordExecutor.executeKeywordForPlatform(KeywordExecutor.groovy:74)
	at com.kms.katalon.core.webui.keyword.WebUiBuiltInKeywords.verifyElementText(WebUiBuiltInKeywords.groovy:4835)
	at test_click-button-1.run(test_click-button-1:24)
	at com.kms.katalon.core.main.ScriptEngine.run(ScriptEngine.java:194)
	at com.kms.katalon.core.main.ScriptEngine.runScriptAsRawText(ScriptEngine.java:119)
	at com.kms.katalon.core.main.TestCaseExecutor.runScript(TestCaseExecutor.java:448)
	at com.kms.katalon.core.main.TestCaseExecutor.doExecute(TestCaseExecutor.java:439)
	at com.kms.katalon.core.main.TestCaseExecutor.processExecutionPhase(TestCaseExecutor.java:418)
	at com.kms.katalon.core.main.TestCaseExecutor.accessMainPhase(TestCaseExecutor.java:410)
	at com.kms.katalon.core.main.TestCaseExecutor.execute(TestCaseExecutor.java:285)
	at com.kms.katalon.core.common.CommonExecutor.accessTestCaseMainPhase(CommonExecutor.java:65)
	at com.kms.katalon.core.main.TestSuiteExecutor.accessTestSuiteMainPhase(TestSuiteExecutor.java:150)
	at com.kms.katalon.core.main.TestSuiteExecutor.execute(TestSuiteExecutor.java:106)
	at com.kms.katalon.core.main.TestCaseMain.startTestSuite(TestCaseMain.java:180)
	at TempTestSuite1716907347330.run(TempTestSuite1716907347330.groovy:35)
	at java.base/jdk.internal.reflect.NativeMethodAccessorImpl.invoke0(Native Method)
	at java.base/jdk.internal.reflect.NativeMethodAccessorImpl.invoke(NativeMethodAccessorImpl.java:77)
	at java.base/jdk.internal.reflect.DelegatingMethodAccessorImpl.invoke(DelegatingMethodAccessorImpl.java:43)
Caused by: com.kms.katalon.core.exception.StepFailedException: com.kms.katalon.core.webui.exception.WebElementNotFoundException: Web element with id: 'Object Repository/KBB/Page_Kelley Blue Book  New and Used Car Pri_e90311/h2_New Cars by Make' located by '//main[@id='content']/div[4]/div/div/div/div/h2' not found
	at com.kms.katalon.core.webui.keyword.internal.WebUIKeywordMain.stepFailed(WebUIKeywordMain.groovy:64)
	at com.kms.katalon.core.webui.keyword.builtin.VerifyElementTextKeyword$_verifyElementText_closure1.doCall(VerifyElementTextKeyword.groovy:64)
	at com.kms.katalon.core.webui.keyword.builtin.VerifyElementTextKeyword$_verifyElementText_closure1.call(VerifyElementTextKeyword.groovy)
	at com.kms.katalon.core.webui.keyword.internal.WebUIKeywordMain.runKeyword(WebUIKeywordMain.groovy:20)
	... 20 more]]></system-err>
   </testsuite>
</testsuites>
