<?xml version="1.0" encoding="UTF-8"?>
<testsuites name="test-game-k" time="273.774" tests="32" failures="0" errors="0">
   <testsuite name="test-game-k" tests="32" failures="0" errors="0" time="273.774" skipped="0" timestamp="29-05-2024T01:00:14" hostname="ToanLa - DESKTOP-QSIPVT9.mshome.net" id="Test Suites/test-game-k">
      <properties>
         <property name="deviceName" value=""/>
         <property name="devicePlatform" value=""/>
         <property name="logFolder" value="C:\\Users\\ToanLa\\git\\katalon\\Reports\\20240529_010008\\test-game-k\\20240529_010008"/>
         <property name="logFiles" value="C:\\Users\\ToanLa\\git\\katalon\\Reports\\20240529_010008\\test-game-k\\20240529_010008\\execution0.log"/>
         <property name="attachments" value=""/>
         <property name="hostName" value="ToanLa - DESKTOP-QSIPVT9.mshome.net"/>
         <property name="os" value="Windows 11 64bit"/>
         <property name="katalonVersion" value="9.4.0.212"/>
         <property name="browser" value="Chrome 125.0.0.0"/>
         <property name="hostAddress" value="192.168.0.1"/>
         <property name="sessionId" value="2da214f52a0fcd4a7b1dd23727cf1695"/>
         <property name="seleniumVersion" value="3.141.59"/>
         <property name="proxyInformation" value="ProxyInformation { proxyOption=NO_PROXY, proxyServerType=HTTP, username=, password=********, proxyServerAddress=, proxyServerPort=0, executionList=&quot;&quot;, isApplyToDesiredCapabilities=true }"/>
         <property name="platform" value="Windows 11"/>
      </properties>
      <testcase name="Test Cases/Gamek/Test-footer" time="5.689" classname="Test Cases/Gamek/Test-footer" status="PASSED">
         <system-out><![CDATA[29-05-2024T01:00:15 - [TEST_CASE][PASSED] - Test Cases/Gamek/Test-footer: Test Cases/Gamek/Test-footer

29-05-2024T01:00:15 - [TEST_STEP][PASSED] - openBrowser("https://gamek.vn/"): Browser is opened with url: 'https://gamek.vn/'

29-05-2024T01:00:15 - [MESSAGE][INFO] - Starting 'Chrome' driver

29-05-2024T01:00:15 - [MESSAGE][INFO] - Action delay is set to 0 milliseconds

29-05-2024T01:00:19 - [MESSAGE][PASSED] - Browser is opened with url: 'https://gamek.vn/'

29-05-2024T01:00:19 - [TEST_STEP][PASSED] - click(findTestObject("Object Repository/gamek/Page_Knh tin Game ln nht, th vin Game y  nht/div_TRANG CHGAME ONLINETH TRNGPC CONSOLEeSP_1d90e4")): Object: 'Object Repository/gamek/Page_Knh tin Game ln nht, th vin Game y  nht/div_TRANG CHGAME ONLINETH TRNGPC CONSOLEeSP_1d90e4' is clicked on

29-05-2024T01:00:20 - [MESSAGE][PASSED] - Object: 'Object Repository/gamek/Page_Knh tin Game ln nht, th vin Game y  nht/div_TRANG CHGAME ONLINETH TRNGPC CONSOLEeSP_1d90e4' is clicked on

29-05-2024T01:00:20 - [TEST_STEP][PASSED] - closeBrowser(): Browser is closed

29-05-2024T01:00:20 - [MESSAGE][PASSED] - Browser is closed]]></system-out>
         <system-err><![CDATA[]]></system-err>
      </testcase>
      <testcase name="Test Cases/Gamek/Test_button" time="4.352" classname="Test Cases/Gamek/Test_button" status="PASSED">
         <system-out><![CDATA[29-05-2024T01:00:20 - [TEST_CASE][PASSED] - Test Cases/Gamek/Test_button: Test Cases/Gamek/Test_button

29-05-2024T01:00:20 - [TEST_STEP][PASSED] - openBrowser("https://gamek.vn/"): Browser is opened with url: 'https://gamek.vn/'

29-05-2024T01:00:20 - [MESSAGE][INFO] - Starting 'Chrome' driver

29-05-2024T01:00:20 - [MESSAGE][INFO] - Action delay is set to 0 milliseconds

29-05-2024T01:00:23 - [MESSAGE][PASSED] - Browser is opened with url: 'https://gamek.vn/'

29-05-2024T01:00:23 - [TEST_STEP][PASSED] - click(findTestObject("Object Repository/gamek/Page_Knh tin Game ln nht, th vin Game y  nht/a_eSPORTS")): Object: 'Object Repository/gamek/Page_Knh tin Game ln nht, th vin Game y  nht/a_eSPORTS' is clicked on

29-05-2024T01:00:23 - [MESSAGE][PASSED] - Object: 'Object Repository/gamek/Page_Knh tin Game ln nht, th vin Game y  nht/a_eSPORTS' is clicked on

29-05-2024T01:00:23 - [TEST_STEP][PASSED] - navigateToUrl("https://gamek.vn/esport.chn"): Navigate to 'https://gamek.vn/esport.chn' successfully

29-05-2024T01:00:24 - [MESSAGE][PASSED] - Navigate to 'https://gamek.vn/esport.chn' successfully

29-05-2024T01:00:24 - [TEST_STEP][PASSED] - closeBrowser(): Browser is closed

29-05-2024T01:00:25 - [MESSAGE][PASSED] - Browser is closed]]></system-out>
         <system-err><![CDATA[]]></system-err>
      </testcase>
      <testcase name="Test Cases/Gamek/test_logo" time="5.447" classname="Test Cases/Gamek/test_logo" status="PASSED">
         <system-out><![CDATA[29-05-2024T01:00:25 - [TEST_CASE][PASSED] - Test Cases/Gamek/test_logo: Test Cases/Gamek/test_logo

29-05-2024T01:00:25 - [TEST_STEP][PASSED] - openBrowser("https://gamek.vn/"): Browser is opened with url: 'https://gamek.vn/'

29-05-2024T01:00:25 - [MESSAGE][INFO] - Starting 'Chrome' driver

29-05-2024T01:00:25 - [MESSAGE][INFO] - Action delay is set to 0 milliseconds

29-05-2024T01:00:27 - [MESSAGE][PASSED] - Browser is opened with url: 'https://gamek.vn/'

29-05-2024T01:00:27 - [TEST_STEP][PASSED] - navigateToUrl("https://gamek.vn/"): Navigate to 'https://gamek.vn/' successfully

29-05-2024T01:00:28 - [MESSAGE][PASSED] - Navigate to 'https://gamek.vn/' successfully

29-05-2024T01:00:28 - [TEST_STEP][PASSED] - click(findTestObject("Object Repository/gamek/Page_Knh tin Game ln nht, th vin Game y  nht/a")): Object: 'Object Repository/gamek/Page_Knh tin Game ln nht, th vin Game y  nht/a' is clicked on

29-05-2024T01:00:30 - [MESSAGE][PASSED] - Object: 'Object Repository/gamek/Page_Knh tin Game ln nht, th vin Game y  nht/a' is clicked on

29-05-2024T01:00:30 - [TEST_STEP][PASSED] - closeBrowser(STOP_ON_FAILURE): Browser is closed

29-05-2024T01:00:30 - [MESSAGE][PASSED] - Browser is closed]]></system-out>
         <system-err><![CDATA[]]></system-err>
      </testcase>
      <testcase name="Test Cases/Gamek/Test_search" time="8.526" classname="Test Cases/Gamek/Test_search" status="PASSED">
         <system-out><![CDATA[29-05-2024T01:00:30 - [TEST_CASE][PASSED] - Test Cases/Gamek/Test_search: Test Cases/Gamek/Test_search

29-05-2024T01:00:30 - [TEST_STEP][PASSED] - openBrowser("https://gamek.vn/"): Browser is opened with url: 'https://gamek.vn/'

29-05-2024T01:00:30 - [MESSAGE][INFO] - Starting 'Chrome' driver

29-05-2024T01:00:30 - [MESSAGE][INFO] - Action delay is set to 0 milliseconds

29-05-2024T01:00:32 - [MESSAGE][PASSED] - Browser is opened with url: 'https://gamek.vn/'

29-05-2024T01:00:32 - [TEST_STEP][PASSED] - setText(findTestObject("Object Repository/gamek/Page_Knh tin Game ln nht, th vin Game y  nht/input_CNG NG_searchinput"), "Game hay"): Text 'Game hay' is set on object 'Object Repository/gamek/Page_Knh tin Game ln nht, th vin Game y  nht/input_CNG NG_searchinput'

29-05-2024T01:00:33 - [MESSAGE][PASSED] - Text 'Game hay' is set on object 'Object Repository/gamek/Page_Knh tin Game ln nht, th vin Game y  nht/input_CNG NG_searchinput'

29-05-2024T01:00:33 - [TEST_STEP][PASSED] - navigateToUrl("https://gamek.vn/tim-kiem.chn?keyword=Game%20hay"): Navigate to 'https://gamek.vn/tim-kiem.chn?keyword=Game%20hay' successfully

29-05-2024T01:00:34 - [MESSAGE][PASSED] - Navigate to 'https://gamek.vn/tim-kiem.chn?keyword=Game%20hay' successfully

29-05-2024T01:00:34 - [TEST_STEP][PASSED] - click(findTestObject("Object Repository/gamek/Page_Trang tm kim - Knh tin Game ln nht, th_c5ca43/a_Epic pht tng min ph Game hay nht th gii g_8f3fa6")): Object: 'Object Repository/gamek/Page_Trang tm kim - Knh tin Game ln nht, th_c5ca43/a_Epic pht tng min ph Game hay nht th gii g_8f3fa6' is clicked on

29-05-2024T01:00:35 - [MESSAGE][PASSED] - Object: 'Object Repository/gamek/Page_Trang tm kim - Knh tin Game ln nht, th_c5ca43/a_Epic pht tng min ph Game hay nht th gii g_8f3fa6' is clicked on

29-05-2024T01:00:35 - [TEST_STEP][PASSED] - click(findTestObject("Object Repository/gamek/Page_Epic pht tng min ph Game hay nht th gi_8a0179/h1_Epic pht tng min ph Game hay nht th gii _4a7cdb")): Object: 'Object Repository/gamek/Page_Epic pht tng min ph Game hay nht th gi_8a0179/h1_Epic pht tng min ph Game hay nht th gii _4a7cdb' is clicked on

29-05-2024T01:00:38 - [MESSAGE][PASSED] - Object: 'Object Repository/gamek/Page_Epic pht tng min ph Game hay nht th gi_8a0179/h1_Epic pht tng min ph Game hay nht th gii _4a7cdb' is clicked on

29-05-2024T01:00:38 - [TEST_STEP][PASSED] - closeBrowser(): Browser is closed

29-05-2024T01:00:39 - [MESSAGE][PASSED] - Browser is closed]]></system-out>
         <system-err><![CDATA[]]></system-err>
      </testcase>
      <testcase name="Test Cases/Gamek/Verify-1" time="2.303" classname="Test Cases/Gamek/Verify-1" status="PASSED">
         <system-out><![CDATA[29-05-2024T01:00:39 - [TEST_CASE][PASSED] - Test Cases/Gamek/Verify-1: Test Cases/Gamek/Verify-1

29-05-2024T01:00:39 - [TEST_STEP][PASSED] - openBrowser("https://www.google.com.vn/"): Browser is opened with url: 'https://www.google.com.vn/'

29-05-2024T01:00:39 - [MESSAGE][INFO] - Starting 'Chrome' driver

29-05-2024T01:00:39 - [MESSAGE][INFO] - Action delay is set to 0 milliseconds

29-05-2024T01:00:41 - [MESSAGE][PASSED] - Browser is opened with url: 'https://www.google.com.vn/'

29-05-2024T01:00:41 - [TEST_STEP][PASSED] - closeBrowser(): Browser is closed

29-05-2024T01:00:41 - [MESSAGE][PASSED] - Browser is closed]]></system-out>
         <system-err><![CDATA[]]></system-err>
      </testcase>
      <testcase name="Test Cases/Gamek/verify-10" time="4.592" classname="Test Cases/Gamek/verify-10" status="PASSED">
         <system-out><![CDATA[29-05-2024T01:00:41 - [TEST_CASE][PASSED] - Test Cases/Gamek/verify-10: Test Cases/Gamek/verify-10

29-05-2024T01:00:41 - [TEST_STEP][PASSED] - openBrowser("https://genk.vn/"): Browser is opened with url: 'https://genk.vn/'

29-05-2024T01:00:41 - [MESSAGE][INFO] - Starting 'Chrome' driver

29-05-2024T01:00:41 - [MESSAGE][INFO] - Action delay is set to 0 milliseconds

29-05-2024T01:00:44 - [MESSAGE][PASSED] - Browser is opened with url: 'https://genk.vn/'

29-05-2024T01:00:44 - [TEST_STEP][PASSED] - click(findTestObject("Object Repository/gamek/Page_Xem mua lun/a_Xe")): Object: 'Object Repository/gamek/Page_Xem mua lun/a_Xe' is clicked on

29-05-2024T01:00:45 - [MESSAGE][PASSED] - Object: 'Object Repository/gamek/Page_Xem mua lun/a_Xe' is clicked on

29-05-2024T01:00:45 - [TEST_STEP][PASSED] - navigateToUrl("https://genk.vn/xe.chn"): Navigate to 'https://genk.vn/xe.chn' successfully

29-05-2024T01:00:45 - [MESSAGE][PASSED] - Navigate to 'https://genk.vn/xe.chn' successfully

29-05-2024T01:00:45 - [TEST_STEP][PASSED] - closeBrowser(): Browser is closed

29-05-2024T01:00:45 - [MESSAGE][PASSED] - Browser is closed]]></system-out>
         <system-err><![CDATA[]]></system-err>
      </testcase>
      <testcase name="Test Cases/Gamek/verify-11" time="10.221" classname="Test Cases/Gamek/verify-11" status="PASSED">
         <system-out><![CDATA[29-05-2024T01:00:45 - [TEST_CASE][PASSED] - Test Cases/Gamek/verify-11: Test Cases/Gamek/verify-11

29-05-2024T01:00:46 - [TEST_STEP][PASSED] - openBrowser("https://genk.vn/"): Browser is opened with url: 'https://genk.vn/'

29-05-2024T01:00:46 - [MESSAGE][INFO] - Starting 'Chrome' driver

29-05-2024T01:00:46 - [MESSAGE][INFO] - Action delay is set to 0 milliseconds

29-05-2024T01:00:47 - [MESSAGE][PASSED] - Browser is opened with url: 'https://genk.vn/'

29-05-2024T01:00:47 - [TEST_STEP][PASSED] - navigateToUrl("https://genk.vn/kham-pha.chn"): Navigate to 'https://genk.vn/kham-pha.chn' successfully

29-05-2024T01:00:48 - [MESSAGE][PASSED] - Navigate to 'https://genk.vn/kham-pha.chn' successfully

29-05-2024T01:00:48 - [TEST_STEP][PASSED] - click(findTestObject("Object Repository/gamek/Page_Khm ph khoa hc v cng ngh ton cu cp nht 247/a_B n v ngi cha g cao nht th gii, c xy dng _3a22eb")): Object: 'Object Repository/gamek/Page_Khm ph khoa hc v cng ngh ton cu cp nht 247/a_B n v ngi cha g cao nht th gii, c xy dng _3a22eb' is clicked on

29-05-2024T01:00:49 - [MESSAGE][PASSED] - Object: 'Object Repository/gamek/Page_Khm ph khoa hc v cng ngh ton cu cp nht 247/a_B n v ngi cha g cao nht th gii, c xy dng _3a22eb' is clicked on

29-05-2024T01:00:49 - [TEST_STEP][PASSED] - selectOptionByValue(findTestObject("Object Repository/gamek/Page_B n v ngi cha g cao nht th gii, c xy d_f187c5/select_Ngy123456789101112131415161718192021_8e03e4"), "28", true): All options with value '28' are selected in object 'Object Repository/gamek/Page_B n v ngi cha g cao nht th gii, c xy d_f187c5/select_Ngy123456789101112131415161718192021_8e03e4'  using regular expression

29-05-2024T01:00:53 - [MESSAGE][PASSED] - All options with value '28' are selected in object 'Object Repository/gamek/Page_B n v ngi cha g cao nht th gii, c xy d_f187c5/select_Ngy123456789101112131415161718192021_8e03e4'  using regular expression

29-05-2024T01:00:53 - [TEST_STEP][PASSED] - selectOptionByValue(findTestObject("Object Repository/gamek/Page_B n v ngi cha g cao nht th gii, c xy d_f187c5/select_ThngThng 1Thng 2Thng 3Thng 4Thng 5Th_e54b33"), "5", true): All options with value '5' are selected in object 'Object Repository/gamek/Page_B n v ngi cha g cao nht th gii, c xy d_f187c5/select_ThngThng 1Thng 2Thng 3Thng 4Thng 5Th_e54b33'  using regular expression

29-05-2024T01:00:55 - [MESSAGE][PASSED] - All options with value '5' are selected in object 'Object Repository/gamek/Page_B n v ngi cha g cao nht th gii, c xy d_f187c5/select_ThngThng 1Thng 2Thng 3Thng 4Thng 5Th_e54b33'  using regular expression

29-05-2024T01:00:55 - [TEST_STEP][PASSED] - selectOptionByValue(findTestObject("Object Repository/gamek/Page_B n v ngi cha g cao nht th gii, c xy d_f187c5/select_20242023202220212020"), "2024", true): All options with value '2024' are selected in object 'Object Repository/gamek/Page_B n v ngi cha g cao nht th gii, c xy d_f187c5/select_20242023202220212020'  using regular expression

29-05-2024T01:00:55 - [MESSAGE][PASSED] - All options with value '2024' are selected in object 'Object Repository/gamek/Page_B n v ngi cha g cao nht th gii, c xy d_f187c5/select_20242023202220212020'  using regular expression

29-05-2024T01:00:55 - [TEST_STEP][PASSED] - closeBrowser(): Browser is closed

29-05-2024T01:00:56 - [MESSAGE][PASSED] - Browser is closed]]></system-out>
         <system-err><![CDATA[]]></system-err>
      </testcase>
      <testcase name="Test Cases/Gamek/verify-12" time="6.137" classname="Test Cases/Gamek/verify-12" status="PASSED">
         <system-out><![CDATA[29-05-2024T01:00:56 - [TEST_CASE][PASSED] - Test Cases/Gamek/verify-12: Test Cases/Gamek/verify-12

29-05-2024T01:00:56 - [TEST_STEP][PASSED] - openBrowser("https://genk.vn/"): Browser is opened with url: 'https://genk.vn/'

29-05-2024T01:00:56 - [MESSAGE][INFO] - Starting 'Chrome' driver

29-05-2024T01:00:56 - [MESSAGE][INFO] - Action delay is set to 0 milliseconds

29-05-2024T01:00:59 - [MESSAGE][PASSED] - Browser is opened with url: 'https://genk.vn/'

29-05-2024T01:00:59 - [TEST_STEP][PASSED] - click(findTestObject("Object Repository/gamek/Page_Trang thng tin dnh cho tn  cng ngh  GenK.vn/img")): Object: 'Object Repository/gamek/Page_Trang thng tin dnh cho tn  cng ngh  GenK.vn/img' is clicked on

29-05-2024T01:01:00 - [MESSAGE][PASSED] - Object: 'Object Repository/gamek/Page_Trang thng tin dnh cho tn  cng ngh  GenK.vn/img' is clicked on

29-05-2024T01:01:00 - [TEST_STEP][PASSED] - navigateToUrl("https://genk.vn/"): Navigate to 'https://genk.vn/' successfully

29-05-2024T01:01:00 - [MESSAGE][PASSED] - Navigate to 'https://genk.vn/' successfully

29-05-2024T01:01:00 - [TEST_STEP][PASSED] - rightClick(findTestObject("Object Repository/gamek/Page_Trang thng tin dnh cho tn  cng ngh  GenK.vn/img")): Object: 'Object Repository/gamek/Page_Trang thng tin dnh cho tn  cng ngh  GenK.vn/img' is right clicked on

29-05-2024T01:01:02 - [MESSAGE][PASSED] - Object: 'Object Repository/gamek/Page_Trang thng tin dnh cho tn  cng ngh  GenK.vn/img' is right clicked on

29-05-2024T01:01:02 - [TEST_STEP][PASSED] - closeBrowser(): Browser is closed

29-05-2024T01:01:02 - [MESSAGE][PASSED] - Browser is closed]]></system-out>
         <system-err><![CDATA[]]></system-err>
      </testcase>
      <testcase name="Test Cases/Gamek/verify-18" time="5.208" classname="Test Cases/Gamek/verify-18" status="PASSED">
         <system-out><![CDATA[29-05-2024T01:01:02 - [TEST_CASE][PASSED] - Test Cases/Gamek/verify-18: Test Cases/Gamek/verify-18

29-05-2024T01:01:02 - [TEST_STEP][PASSED] - openBrowser("https://genk.vn/"): Browser is opened with url: 'https://genk.vn/'

29-05-2024T01:01:02 - [MESSAGE][INFO] - Starting 'Chrome' driver

29-05-2024T01:01:02 - [MESSAGE][INFO] - Action delay is set to 0 milliseconds

29-05-2024T01:01:04 - [MESSAGE][PASSED] - Browser is opened with url: 'https://genk.vn/'

29-05-2024T01:01:04 - [TEST_STEP][PASSED] - navigateToUrl("https://kenh14.vn/"): Navigate to 'https://kenh14.vn/' successfully

29-05-2024T01:01:07 - [MESSAGE][PASSED] - Navigate to 'https://kenh14.vn/' successfully

29-05-2024T01:01:07 - [TEST_STEP][PASSED] - closeBrowser(): Browser is closed

29-05-2024T01:01:07 - [MESSAGE][PASSED] - Browser is closed]]></system-out>
         <system-err><![CDATA[]]></system-err>
      </testcase>
      <testcase name="Test Cases/Gamek/Verify-19" time="5.887" classname="Test Cases/Gamek/Verify-19" status="PASSED">
         <system-out><![CDATA[29-05-2024T01:01:07 - [TEST_CASE][PASSED] - Test Cases/Gamek/Verify-19: Test Cases/Gamek/Verify-19

29-05-2024T01:01:07 - [TEST_STEP][PASSED] - openBrowser("https://genk.vn/"): Browser is opened with url: 'https://genk.vn/'

29-05-2024T01:01:07 - [MESSAGE][INFO] - Starting 'Chrome' driver

29-05-2024T01:01:07 - [MESSAGE][INFO] - Action delay is set to 0 milliseconds

29-05-2024T01:01:10 - [MESSAGE][PASSED] - Browser is opened with url: 'https://genk.vn/'

29-05-2024T01:01:10 - [TEST_STEP][PASSED] - navigateToUrl("https://cafebiz.vn/"): Navigate to 'https://cafebiz.vn/' successfully

29-05-2024T01:01:13 - [MESSAGE][PASSED] - Navigate to 'https://cafebiz.vn/' successfully

29-05-2024T01:01:13 - [TEST_STEP][PASSED] - closeBrowser(): Browser is closed

29-05-2024T01:01:13 - [MESSAGE][PASSED] - Browser is closed]]></system-out>
         <system-err><![CDATA[]]></system-err>
      </testcase>
      <testcase name="Test Cases/Gamek/verify-2" time="3.568" classname="Test Cases/Gamek/verify-2" status="PASSED">
         <system-out><![CDATA[29-05-2024T01:01:13 - [TEST_CASE][PASSED] - Test Cases/Gamek/verify-2: Test Cases/Gamek/verify-2

29-05-2024T01:01:13 - [TEST_STEP][PASSED] - openBrowser("https://www.google.com.vn/"): Browser is opened with url: 'https://www.google.com.vn/'

29-05-2024T01:01:13 - [MESSAGE][INFO] - Starting 'Chrome' driver

29-05-2024T01:01:13 - [MESSAGE][INFO] - Action delay is set to 0 milliseconds

29-05-2024T01:01:15 - [MESSAGE][PASSED] - Browser is opened with url: 'https://www.google.com.vn/'

29-05-2024T01:01:15 - [TEST_STEP][PASSED] - setText(findTestObject("Object Repository/gamek/Page_Google/textarea_ng nhp_q"), "sổ xố kienses thiết"): Text 'sổ xố kienses thiết' is set on object 'Object Repository/gamek/Page_Google/textarea_ng nhp_q'

29-05-2024T01:01:16 - [MESSAGE][PASSED] - Text 'sổ xố kienses thiết' is set on object 'Object Repository/gamek/Page_Google/textarea_ng nhp_q'

29-05-2024T01:01:16 - [TEST_STEP][PASSED] - navigateToUrl("https://www.google.com.vn/search?q=s%E1%BB%95+x%E1%BB%91+kienses+thi%E1%BA%BFt&sca_esv=8a43c4591a19e45c&sca_upv=1&source=hp&ei=6d1VZsbAMfKovr0PmNmFoQ0&iflsig=AL9hbdgAAAAAZlXr-eqlfoyhtzDZP5qAILAhBBvEh3_K&udm=&ved=0ahUKEwiG2YPLu7CGAxVylK8BHZhsIdQQ4dUDCA0&uact=5&oq=s%E1%BB%95+x%E1%BB%91+kienses+thi%E1%BA%BFt&gs_lp=Egdnd3Mtd2l6Ihlz4buVIHjhu5Ega2llbnNlcyB0aGnhur90MgkQABiABBgKGA0yCBAAGBYYChgeMggQABgWGAoYHjIIEAAYFhgKGB4yCBAAGBYYChgeMggQABiiBBiJBUi3SlDjEligN3AReACQAQSYAasCoAHAF6oBBjcuMTEuNLgBA8gBAPgBAZgCIqACtg-oAgrCAgoQABgDGOoCGI8BwgIKEC4YAxjqAhiPAcICCxAAGIAEGLEDGIMBwgIREC4YgAQYsQMY0QMYgwEYxwHCAgUQABiABMICBRAuGIAEwgIIEAAYgAQYsQPCAg4QLhiABBixAxjHARivAcICBBAAGAPCAg0QABiABBixAxiDARgKwgIKEAAYgAQYsQMYCsICBxAAGIAEGArCAgYQABgDGAqYAwiSBwcyMy4xMC4xoAe9qgE&sclient=gws-wiz"): Navigate to 'https://www.google.com.vn/search?q=s%E1%BB%95+x%E1%BB%91+kienses+thi%E1%BA%BFt&sca_esv=8a43c4591a19e45c&sca_upv=1&source=hp&ei=6d1VZsbAMfKovr0PmNmFoQ0&iflsig=AL9hbdgAAAAAZlXr-eqlfoyhtzDZP5qAILAhBBvEh3_K&udm=&ved=0ahUKEwiG2YPLu7CGAxVylK8BHZhsIdQQ4dUDCA0&uact=5&oq=s%E1%BB%95+x%E1%BB%91+kienses+thi%E1%BA%BFt&gs_lp=Egdnd3Mtd2l6Ihlz4buVIHjhu5Ega2llbnNlcyB0aGnhur90MgkQABiABBgKGA0yCBAAGBYYChgeMggQABgWGAoYHjIIEAAYFhgKGB4yCBAAGBYYChgeMggQABiiBBiJBUi3SlDjEligN3AReACQAQSYAasCoAHAF6oBBjcuMTEuNLgBA8gBAPgBAZgCIqACtg-oAgrCAgoQABgDGOoCGI8BwgIKEC4YAxjqAhiPAcICCxAAGIAEGLEDGIMBwgIREC4YgAQYsQMY0QMYgwEYxwHCAgUQABiABMICBRAuGIAEwgIIEAAYgAQYsQPCAg4QLhiABBixAxjHARivAcICBBAAGAPCAg0QABiABBixAxiDARgKwgIKEAAYgAQYsQMYCsICBxAAGIAEGArCAgYQABgDGAqYAwiSBwcyMy4xMC4xoAe9qgE&sclient=gws-wiz' successfully

29-05-2024T01:01:16 - [MESSAGE][PASSED] - Navigate to 'https://www.google.com.vn/search?q=s%E1%BB%95+x%E1%BB%91+kienses+thi%E1%BA%BFt&sca_esv=8a43c4591a19e45c&sca_upv=1&source=hp&ei=6d1VZsbAMfKovr0PmNmFoQ0&iflsig=AL9hbdgAAAAAZlXr-eqlfoyhtzDZP5qAILAhBBvEh3_K&udm=&ved=0ahUKEwiG2YPLu7CGAxVylK8BHZhsIdQQ4dUDCA0&uact=5&oq=s%E1%BB%95+x%E1%BB%91+kienses+thi%E1%BA%BFt&gs_lp=Egdnd3Mtd2l6Ihlz4buVIHjhu5Ega2llbnNlcyB0aGnhur90MgkQABiABBgKGA0yCBAAGBYYChgeMggQABgWGAoYHjIIEAAYFhgKGB4yCBAAGBYYChgeMggQABiiBBiJBUi3SlDjEligN3AReACQAQSYAasCoAHAF6oBBjcuMTEuNLgBA8gBAPgBAZgCIqACtg-oAgrCAgoQABgDGOoCGI8BwgIKEC4YAxjqAhiPAcICCxAAGIAEGLEDGIMBwgIREC4YgAQYsQMY0QMYgwEYxwHCAgUQABiABMICBRAuGIAEwgIIEAAYgAQYsQPCAg4QLhiABBixAxjHARivAcICBBAAGAPCAg0QABiABBixAxiDARgKwgIKEAAYgAQYsQMYCsICBxAAGIAEGArCAgYQABgDGAqYAwiSBwcyMy4xMC4xoAe9qgE&sclient=gws-wiz' successfully

29-05-2024T01:01:16 - [TEST_STEP][PASSED] - closeBrowser(): Browser is closed

29-05-2024T01:01:16 - [MESSAGE][PASSED] - Browser is closed]]></system-out>
         <system-err><![CDATA[]]></system-err>
      </testcase>
      <testcase name="Test Cases/Gamek/verify-20" time="3.437" classname="Test Cases/Gamek/verify-20" status="PASSED">
         <system-out><![CDATA[29-05-2024T01:01:16 - [TEST_CASE][PASSED] - Test Cases/Gamek/verify-20: Test Cases/Gamek/verify-20

29-05-2024T01:01:17 - [TEST_STEP][PASSED] - openBrowser("https://genk.vn/"): Browser is opened with url: 'https://genk.vn/'

29-05-2024T01:01:17 - [MESSAGE][INFO] - Starting 'Chrome' driver

29-05-2024T01:01:17 - [MESSAGE][INFO] - Action delay is set to 0 milliseconds

29-05-2024T01:01:18 - [MESSAGE][PASSED] - Browser is opened with url: 'https://genk.vn/'

29-05-2024T01:01:18 - [TEST_STEP][PASSED] - click(findTestObject("Object Repository/gamek/Page_Trang thng tin dnh cho tn  cng ngh  GenK.vn/a_Xem - Mua - Lun")): Object: 'Object Repository/gamek/Page_Trang thng tin dnh cho tn  cng ngh  GenK.vn/a_Xem - Mua - Lun' is clicked on

29-05-2024T01:01:19 - [MESSAGE][PASSED] - Object: 'Object Repository/gamek/Page_Trang thng tin dnh cho tn  cng ngh  GenK.vn/a_Xem - Mua - Lun' is clicked on

29-05-2024T01:01:19 - [TEST_STEP][PASSED] - navigateToUrl("https://genk.vn/xem-mua-luon.chn"): Navigate to 'https://genk.vn/xem-mua-luon.chn' successfully

29-05-2024T01:01:20 - [MESSAGE][PASSED] - Navigate to 'https://genk.vn/xem-mua-luon.chn' successfully

29-05-2024T01:01:20 - [TEST_STEP][PASSED] - closeBrowser(): Browser is closed

29-05-2024T01:01:20 - [MESSAGE][PASSED] - Browser is closed]]></system-out>
         <system-err><![CDATA[]]></system-err>
      </testcase>
      <testcase name="Test Cases/Gamek/verify-21" time="6.977" classname="Test Cases/Gamek/verify-21" status="PASSED">
         <system-out><![CDATA[29-05-2024T01:01:20 - [TEST_CASE][PASSED] - Test Cases/Gamek/verify-21: Test Cases/Gamek/verify-21

29-05-2024T01:01:20 - [TEST_STEP][PASSED] - openBrowser("https://genk.vn/"): Browser is opened with url: 'https://genk.vn/'

29-05-2024T01:01:20 - [MESSAGE][INFO] - Starting 'Chrome' driver

29-05-2024T01:01:20 - [MESSAGE][INFO] - Action delay is set to 0 milliseconds

29-05-2024T01:01:23 - [MESSAGE][PASSED] - Browser is opened with url: 'https://genk.vn/'

29-05-2024T01:01:23 - [TEST_STEP][PASSED] - click(findTestObject("Object Repository/gamek/Page_Trang thng tin dnh cho tn  cng ngh  GenK.vn/a_chi s_i-expand")): Object: 'Object Repository/gamek/Page_Trang thng tin dnh cho tn  cng ngh  GenK.vn/a_chi s_i-expand' is clicked on

29-05-2024T01:01:24 - [MESSAGE][PASSED] - Object: 'Object Repository/gamek/Page_Trang thng tin dnh cho tn  cng ngh  GenK.vn/a_chi s_i-expand' is clicked on

29-05-2024T01:01:24 - [TEST_STEP][PASSED] - click(findTestObject("Object Repository/gamek/Page_Trang thng tin dnh cho tn  cng ngh  GenK.vn/a_Mobile")): Object: 'Object Repository/gamek/Page_Trang thng tin dnh cho tn  cng ngh  GenK.vn/a_Mobile' is clicked on

29-05-2024T01:01:26 - [MESSAGE][PASSED] - Object: 'Object Repository/gamek/Page_Trang thng tin dnh cho tn  cng ngh  GenK.vn/a_Mobile' is clicked on

29-05-2024T01:01:26 - [TEST_STEP][PASSED] - navigateToUrl("https://genk.vn/mobile.chn"): Navigate to 'https://genk.vn/mobile.chn' successfully

29-05-2024T01:01:27 - [MESSAGE][PASSED] - Navigate to 'https://genk.vn/mobile.chn' successfully

29-05-2024T01:01:27 - [TEST_STEP][PASSED] - closeBrowser(): Browser is closed

29-05-2024T01:01:27 - [MESSAGE][PASSED] - Browser is closed]]></system-out>
         <system-err><![CDATA[]]></system-err>
      </testcase>
      <testcase name="Test Cases/Gamek/verify-22" time="8.66" classname="Test Cases/Gamek/verify-22" status="PASSED">
         <system-out><![CDATA[29-05-2024T01:01:27 - [TEST_CASE][PASSED] - Test Cases/Gamek/verify-22: Test Cases/Gamek/verify-22

29-05-2024T01:01:27 - [TEST_STEP][PASSED] - openBrowser("https://genk.vn/"): Browser is opened with url: 'https://genk.vn/'

29-05-2024T01:01:27 - [MESSAGE][INFO] - Starting 'Chrome' driver

29-05-2024T01:01:27 - [MESSAGE][INFO] - Action delay is set to 0 milliseconds

29-05-2024T01:01:31 - [MESSAGE][PASSED] - Browser is opened with url: 'https://genk.vn/'

29-05-2024T01:01:31 - [TEST_STEP][PASSED] - click(findTestObject("Object Repository/gamek/Page_Trang thng tin dnh cho tn  cng ngh  GenK.vn/a_Hc lm AI_btnSearch")): Object: 'Object Repository/gamek/Page_Trang thng tin dnh cho tn  cng ngh  GenK.vn/a_Hc lm AI_btnSearch' is clicked on

29-05-2024T01:01:31 - [MESSAGE][PASSED] - Object: 'Object Repository/gamek/Page_Trang thng tin dnh cho tn  cng ngh  GenK.vn/a_Hc lm AI_btnSearch' is clicked on

29-05-2024T01:01:31 - [TEST_STEP][PASSED] - setText(findTestObject("Object Repository/gamek/Page_Trang thng tin dnh cho tn  cng ngh  GenK.vn/p_Hc lm AI_searchinput"), "hellp"): Text 'hellp' is set on object 'Object Repository/gamek/Page_Trang thng tin dnh cho tn  cng ngh  GenK.vn/p_Hc lm AI_searchinput'

29-05-2024T01:01:32 - [MESSAGE][PASSED] - Text 'hellp' is set on object 'Object Repository/gamek/Page_Trang thng tin dnh cho tn  cng ngh  GenK.vn/p_Hc lm AI_searchinput'

29-05-2024T01:01:32 - [TEST_STEP][PASSED] - click(findTestObject("Object Repository/gamek/Page_Trang thng tin dnh cho tn  cng ngh  GenK.vn/a_Hc lm AI_btnSearch")): Object: 'Object Repository/gamek/Page_Trang thng tin dnh cho tn  cng ngh  GenK.vn/a_Hc lm AI_btnSearch' is clicked on

29-05-2024T01:01:34 - [MESSAGE][PASSED] - Object: 'Object Repository/gamek/Page_Trang thng tin dnh cho tn  cng ngh  GenK.vn/a_Hc lm AI_btnSearch' is clicked on

29-05-2024T01:01:34 - [TEST_STEP][PASSED] - navigateToUrl("https://genk.vn/tim-kiem.chn?keywords=hellp"): Navigate to 'https://genk.vn/tim-kiem.chn?keywords=hellp' successfully

29-05-2024T01:01:35 - [MESSAGE][PASSED] - Navigate to 'https://genk.vn/tim-kiem.chn?keywords=hellp' successfully

29-05-2024T01:01:35 - [TEST_STEP][PASSED] - closeBrowser(): Browser is closed

29-05-2024T01:01:36 - [MESSAGE][PASSED] - Browser is closed]]></system-out>
         <system-err><![CDATA[]]></system-err>
      </testcase>
      <testcase name="Test Cases/Gamek/verify-23" time="7.374" classname="Test Cases/Gamek/verify-23" status="PASSED">
         <system-out><![CDATA[29-05-2024T01:01:36 - [TEST_CASE][PASSED] - Test Cases/Gamek/verify-23: Test Cases/Gamek/verify-23

29-05-2024T01:01:36 - [TEST_STEP][PASSED] - openBrowser("https://tinhte.vn/"): Browser is opened with url: 'https://tinhte.vn/'

29-05-2024T01:01:36 - [MESSAGE][INFO] - Starting 'Chrome' driver

29-05-2024T01:01:36 - [MESSAGE][INFO] - Action delay is set to 0 milliseconds

29-05-2024T01:01:43 - [MESSAGE][PASSED] - Browser is opened with url: 'https://tinhte.vn/'

29-05-2024T01:01:43 - [TEST_STEP][PASSED] - closeBrowser(): Browser is closed

29-05-2024T01:01:43 - [MESSAGE][PASSED] - Browser is closed]]></system-out>
         <system-err><![CDATA[]]></system-err>
      </testcase>
      <testcase name="Test Cases/Gamek/verify-24" time="21.211" classname="Test Cases/Gamek/verify-24" status="PASSED">
         <system-out><![CDATA[29-05-2024T01:01:55 - [TEST_CASE][PASSED] - Test Cases/Gamek/verify-24: Test Cases/Gamek/verify-24

29-05-2024T01:01:55 - [TEST_STEP][PASSED] - openBrowser("https://tinhte.vn/"): Browser is opened with url: 'https://tinhte.vn/'

29-05-2024T01:01:55 - [MESSAGE][INFO] - Starting 'Chrome' driver

29-05-2024T01:01:55 - [MESSAGE][INFO] - Action delay is set to 0 milliseconds

29-05-2024T01:02:05 - [MESSAGE][PASSED] - Browser is opened with url: 'https://tinhte.vn/'

29-05-2024T01:02:05 - [TEST_STEP][PASSED] - click(findTestObject("Object Repository/gamek/Page_Tinhte.vn - MXH Hi p, Review, Thng tin_e25000/div_Tinhte")): Object: 'Object Repository/gamek/Page_Tinhte.vn - MXH Hi p, Review, Thng tin_e25000/div_Tinhte' is clicked on

29-05-2024T01:02:10 - [MESSAGE][PASSED] - Object: 'Object Repository/gamek/Page_Tinhte.vn - MXH Hi p, Review, Thng tin_e25000/div_Tinhte' is clicked on

29-05-2024T01:02:10 - [TEST_STEP][PASSED] - navigateToUrl("https://tinhte.vn/"): Navigate to 'https://tinhte.vn/' successfully

29-05-2024T01:02:13 - [MESSAGE][PASSED] - Navigate to 'https://tinhte.vn/' successfully

29-05-2024T01:02:13 - [TEST_STEP][PASSED] - setText(findTestObject("Object Repository/gamek/Page_Tinhte.vn - MXH Hi p, Review, Thng tin_e25000/input_Mng x hi_search"), "helloasd"): Text 'helloasd' is set on object 'Object Repository/gamek/Page_Tinhte.vn - MXH Hi p, Review, Thng tin_e25000/input_Mng x hi_search'

29-05-2024T01:02:15 - [MESSAGE][PASSED] - Text 'helloasd' is set on object 'Object Repository/gamek/Page_Tinhte.vn - MXH Hi p, Review, Thng tin_e25000/input_Mng x hi_search'

29-05-2024T01:02:15 - [TEST_STEP][PASSED] - sendKeys(findTestObject("Object Repository/gamek/Page_Tinhte.vn - MXH Hi p, Review, Thng tin_e25000/input_Mng x hi_search"), Keys.chord(ENTER)): Keys 'ENTER + ' sent to object: 'Object Repository/gamek/Page_Tinhte.vn - MXH Hi p, Review, Thng tin_e25000/input_Mng x hi_search'

29-05-2024T01:02:16 - [MESSAGE][PASSED] - Keys 'ENTER + ' sent to object: 'Object Repository/gamek/Page_Tinhte.vn - MXH Hi p, Review, Thng tin_e25000/input_Mng x hi_search'

29-05-2024T01:02:16 - [TEST_STEP][PASSED] - closeBrowser(): Browser is closed

29-05-2024T01:02:16 - [MESSAGE][PASSED] - Browser is closed]]></system-out>
         <system-err><![CDATA[]]></system-err>
      </testcase>
      <testcase name="Test Cases/Gamek/verify-25" time="12.143" classname="Test Cases/Gamek/verify-25" status="PASSED">
         <system-out><![CDATA[29-05-2024T01:02:16 - [TEST_CASE][PASSED] - Test Cases/Gamek/verify-25: Test Cases/Gamek/verify-25

29-05-2024T01:02:16 - [TEST_STEP][PASSED] - openBrowser("https://tinhte.vn/"): Browser is opened with url: 'https://tinhte.vn/'

29-05-2024T01:02:16 - [MESSAGE][INFO] - Starting 'Chrome' driver

29-05-2024T01:02:16 - [MESSAGE][INFO] - Action delay is set to 0 milliseconds

29-05-2024T01:02:23 - [MESSAGE][PASSED] - Browser is opened with url: 'https://tinhte.vn/'

29-05-2024T01:02:23 - [TEST_STEP][PASSED] - click(findTestObject("Object Repository/gamek/Page_Tinhte.vn - MXH Hi p, Review, Thng tin_e25000/div_Mng x hi")): Object: 'Object Repository/gamek/Page_Tinhte.vn - MXH Hi p, Review, Thng tin_e25000/div_Mng x hi' is clicked on

29-05-2024T01:02:26 - [MESSAGE][PASSED] - Object: 'Object Repository/gamek/Page_Tinhte.vn - MXH Hi p, Review, Thng tin_e25000/div_Mng x hi' is clicked on

29-05-2024T01:02:26 - [TEST_STEP][PASSED] - navigateToUrl("https://tinhte.vn/"): Navigate to 'https://tinhte.vn/' successfully

29-05-2024T01:02:28 - [MESSAGE][PASSED] - Navigate to 'https://tinhte.vn/' successfully

29-05-2024T01:02:28 - [TEST_STEP][PASSED] - closeBrowser(): Browser is closed

29-05-2024T01:02:28 - [MESSAGE][PASSED] - Browser is closed]]></system-out>
         <system-err><![CDATA[]]></system-err>
      </testcase>
      <testcase name="Test Cases/Gamek/verify-26" time="7.89" classname="Test Cases/Gamek/verify-26" status="PASSED">
         <system-out><![CDATA[29-05-2024T01:02:28 - [TEST_CASE][PASSED] - Test Cases/Gamek/verify-26: Test Cases/Gamek/verify-26

29-05-2024T01:02:29 - [TEST_STEP][PASSED] - openBrowser("https://tinhte.vn/"): Browser is opened with url: 'https://tinhte.vn/'

29-05-2024T01:02:29 - [MESSAGE][INFO] - Starting 'Chrome' driver

29-05-2024T01:02:29 - [MESSAGE][INFO] - Action delay is set to 0 milliseconds

29-05-2024T01:02:35 - [MESSAGE][PASSED] - Browser is opened with url: 'https://tinhte.vn/'

29-05-2024T01:02:35 - [TEST_STEP][PASSED] - click(findTestObject("Object Repository/gamek/Page_Tinhte.vn - MXH Hi p, Review, Thng tin_e25000/span_Date_jsx-3867722346")): Object: 'Object Repository/gamek/Page_Tinhte.vn - MXH Hi p, Review, Thng tin_e25000/span_Date_jsx-3867722346' is clicked on

29-05-2024T01:02:36 - [MESSAGE][PASSED] - Object: 'Object Repository/gamek/Page_Tinhte.vn - MXH Hi p, Review, Thng tin_e25000/span_Date_jsx-3867722346' is clicked on

29-05-2024T01:02:36 - [TEST_STEP][PASSED] - closeBrowser(): Browser is closed

29-05-2024T01:02:36 - [MESSAGE][PASSED] - Browser is closed]]></system-out>
         <system-err><![CDATA[]]></system-err>
      </testcase>
      <testcase name="Test Cases/Gamek/verify-27" time="11.652" classname="Test Cases/Gamek/verify-27" status="PASSED">
         <system-out><![CDATA[29-05-2024T01:02:36 - [TEST_CASE][PASSED] - Test Cases/Gamek/verify-27: Test Cases/Gamek/verify-27

29-05-2024T01:02:36 - [TEST_STEP][PASSED] - openBrowser("https://tinhte.vn/"): Browser is opened with url: 'https://tinhte.vn/'

29-05-2024T01:02:36 - [MESSAGE][INFO] - Starting 'Chrome' driver

29-05-2024T01:02:36 - [MESSAGE][INFO] - Action delay is set to 0 milliseconds

29-05-2024T01:02:44 - [MESSAGE][PASSED] - Browser is opened with url: 'https://tinhte.vn/'

29-05-2024T01:02:44 - [TEST_STEP][PASSED] - click(findTestObject("Object Repository/gamek/Page_Tinhte.vn - MXH Hi p, Review, Thng tin_e25000/a_Sn phm cng ngh mi")): Object: 'Object Repository/gamek/Page_Tinhte.vn - MXH Hi p, Review, Thng tin_e25000/a_Sn phm cng ngh mi' is clicked on

29-05-2024T01:02:47 - [MESSAGE][PASSED] - Object: 'Object Repository/gamek/Page_Tinhte.vn - MXH Hi p, Review, Thng tin_e25000/a_Sn phm cng ngh mi' is clicked on

29-05-2024T01:02:47 - [TEST_STEP][PASSED] - navigateToUrl("https://thuvien.tinhte.vn/"): Navigate to 'https://thuvien.tinhte.vn/' successfully

29-05-2024T01:02:48 - [MESSAGE][PASSED] - Navigate to 'https://thuvien.tinhte.vn/' successfully

29-05-2024T01:02:48 - [TEST_STEP][PASSED] - closeBrowser(): Browser is closed

29-05-2024T01:02:48 - [MESSAGE][PASSED] - Browser is closed]]></system-out>
         <system-err><![CDATA[]]></system-err>
      </testcase>
      <testcase name="Test Cases/Gamek/verify-28" time="16.19" classname="Test Cases/Gamek/verify-28" status="PASSED">
         <system-out><![CDATA[29-05-2024T01:02:48 - [TEST_CASE][PASSED] - Test Cases/Gamek/verify-28: Test Cases/Gamek/verify-28

29-05-2024T01:02:48 - [TEST_STEP][PASSED] - openBrowser("https://fptshop.com.vn/"): Browser is opened with url: 'https://fptshop.com.vn/'

29-05-2024T01:02:48 - [MESSAGE][INFO] - Starting 'Chrome' driver

29-05-2024T01:02:48 - [MESSAGE][INFO] - Action delay is set to 0 milliseconds

29-05-2024T01:03:02 - [MESSAGE][PASSED] - Browser is opened with url: 'https://fptshop.com.vn/'

29-05-2024T01:03:02 - [TEST_STEP][PASSED] - navigateToUrl("https://fptshop.com.vn/tim-kiem/iphone"): Navigate to 'https://fptshop.com.vn/tim-kiem/iphone' successfully

29-05-2024T01:03:04 - [MESSAGE][PASSED] - Navigate to 'https://fptshop.com.vn/tim-kiem/iphone' successfully

29-05-2024T01:03:04 - [TEST_STEP][PASSED] - closeBrowser(): Browser is closed

29-05-2024T01:03:04 - [MESSAGE][PASSED] - Browser is closed]]></system-out>
         <system-err><![CDATA[]]></system-err>
      </testcase>
      <testcase name="Test Cases/Gamek/verify-29" time="17.973" classname="Test Cases/Gamek/verify-29" status="PASSED">
         <system-out><![CDATA[29-05-2024T01:03:04 - [TEST_CASE][PASSED] - Test Cases/Gamek/verify-29: Test Cases/Gamek/verify-29

29-05-2024T01:03:04 - [TEST_STEP][PASSED] - openBrowser("https://tinhte.vn/"): Browser is opened with url: 'https://tinhte.vn/'

29-05-2024T01:03:04 - [MESSAGE][INFO] - Starting 'Chrome' driver

29-05-2024T01:03:04 - [MESSAGE][INFO] - Action delay is set to 0 milliseconds

29-05-2024T01:03:11 - [MESSAGE][PASSED] - Browser is opened with url: 'https://tinhte.vn/'

29-05-2024T01:03:11 - [TEST_STEP][PASSED] - navigateToUrl("https://tinhte.vn/thread/decode-cam-bien-chuot-quang-hoat-dong-the-nao-toc-do-dpi-chuot-la-gi-co-can-toi-20-30-nghin-dpi.3791214/"): Navigate to 'https://tinhte.vn/thread/decode-cam-bien-chuot-quang-hoat-dong-the-nao-toc-do-dpi-chuot-la-gi-co-can-toi-20-30-nghin-dpi.3791214/' successfully

29-05-2024T01:03:22 - [MESSAGE][PASSED] - Navigate to 'https://tinhte.vn/thread/decode-cam-bien-chuot-quang-hoat-dong-the-nao-toc-do-dpi-chuot-la-gi-co-can-toi-20-30-nghin-dpi.3791214/' successfully

29-05-2024T01:03:22 - [TEST_STEP][PASSED] - closeBrowser(): Browser is closed

29-05-2024T01:03:22 - [MESSAGE][PASSED] - Browser is closed]]></system-out>
         <system-err><![CDATA[]]></system-err>
      </testcase>
      <testcase name="Test Cases/Gamek/verify-3" time="2.405" classname="Test Cases/Gamek/verify-3" status="PASSED">
         <system-out><![CDATA[29-05-2024T01:03:22 - [TEST_CASE][PASSED] - Test Cases/Gamek/verify-3: Test Cases/Gamek/verify-3

29-05-2024T01:03:22 - [TEST_STEP][PASSED] - openBrowser("https://www.google.com.vn/"): Browser is opened with url: 'https://www.google.com.vn/'

29-05-2024T01:03:22 - [MESSAGE][INFO] - Starting 'Chrome' driver

29-05-2024T01:03:22 - [MESSAGE][INFO] - Action delay is set to 0 milliseconds

29-05-2024T01:03:24 - [MESSAGE][PASSED] - Browser is opened with url: 'https://www.google.com.vn/'

29-05-2024T01:03:24 - [TEST_STEP][PASSED] - rightClick(findTestObject("Object Repository/gamek/Page_Google/img_ng nhp_lnXdpd")): Object: 'Object Repository/gamek/Page_Google/img_ng nhp_lnXdpd' is right clicked on

29-05-2024T01:03:24 - [MESSAGE][PASSED] - Object: 'Object Repository/gamek/Page_Google/img_ng nhp_lnXdpd' is right clicked on

29-05-2024T01:03:24 - [TEST_STEP][PASSED] - closeBrowser(): Browser is closed

29-05-2024T01:03:25 - [MESSAGE][PASSED] - Browser is closed]]></system-out>
         <system-err><![CDATA[]]></system-err>
      </testcase>
      <testcase name="Test Cases/Gamek/verify-30" time="9.033" classname="Test Cases/Gamek/verify-30" status="PASSED">
         <system-out><![CDATA[29-05-2024T01:03:25 - [TEST_CASE][PASSED] - Test Cases/Gamek/verify-30: Test Cases/Gamek/verify-30

29-05-2024T01:03:25 - [TEST_STEP][PASSED] - openBrowser("https://tinhte.vn/"): Browser is opened with url: 'https://tinhte.vn/'

29-05-2024T01:03:25 - [MESSAGE][INFO] - Starting 'Chrome' driver

29-05-2024T01:03:25 - [MESSAGE][INFO] - Action delay is set to 0 milliseconds

29-05-2024T01:03:32 - [MESSAGE][PASSED] - Browser is opened with url: 'https://tinhte.vn/'

29-05-2024T01:03:32 - [TEST_STEP][PASSED] - navigateToUrl("https://tinhte.vn/khcn/"): Navigate to 'https://tinhte.vn/khcn/' successfully

29-05-2024T01:03:33 - [MESSAGE][PASSED] - Navigate to 'https://tinhte.vn/khcn/' successfully

29-05-2024T01:03:33 - [TEST_STEP][PASSED] - closeBrowser(): Browser is closed

29-05-2024T01:03:34 - [MESSAGE][PASSED] - Browser is closed]]></system-out>
         <system-err><![CDATA[]]></system-err>
      </testcase>
      <testcase name="Test Cases/Gamek/verify-31" time="15.396" classname="Test Cases/Gamek/verify-31" status="PASSED">
         <system-out><![CDATA[29-05-2024T01:03:47 - [TEST_CASE][PASSED] - Test Cases/Gamek/verify-31: Test Cases/Gamek/verify-31

29-05-2024T01:03:47 - [TEST_STEP][PASSED] - openBrowser("https://tinhte.vn/"): Browser is opened with url: 'https://tinhte.vn/'

29-05-2024T01:03:47 - [MESSAGE][INFO] - Starting 'Chrome' driver

29-05-2024T01:03:47 - [MESSAGE][INFO] - Action delay is set to 0 milliseconds

29-05-2024T01:03:56 - [MESSAGE][PASSED] - Browser is opened with url: 'https://tinhte.vn/'

29-05-2024T01:03:56 - [TEST_STEP][PASSED] - navigateToUrl("https://tinhte.vn/"): Navigate to 'https://tinhte.vn/' successfully

29-05-2024T01:04:00 - [MESSAGE][PASSED] - Navigate to 'https://tinhte.vn/' successfully

29-05-2024T01:04:00 - [TEST_STEP][PASSED] - setText(findTestObject("Object Repository/gamek/Page_Tinhte.vn - MXH Hi p, Review, Thng tin_e25000/input_Mng x hi_search (1)"), "1"): Text '1' is set on object 'Object Repository/gamek/Page_Tinhte.vn - MXH Hi p, Review, Thng tin_e25000/input_Mng x hi_search (1)'

29-05-2024T01:04:02 - [MESSAGE][PASSED] - Text '1' is set on object 'Object Repository/gamek/Page_Tinhte.vn - MXH Hi p, Review, Thng tin_e25000/input_Mng x hi_search (1)'

29-05-2024T01:04:02 - [TEST_STEP][PASSED] - closeBrowser(): Browser is closed

29-05-2024T01:04:03 - [MESSAGE][PASSED] - Browser is closed]]></system-out>
         <system-err><![CDATA[]]></system-err>
      </testcase>
      <testcase name="Test Cases/Gamek/verify-32" time="15.382" classname="Test Cases/Gamek/verify-32" status="PASSED">
         <system-out><![CDATA[29-05-2024T01:04:03 - [TEST_CASE][PASSED] - Test Cases/Gamek/verify-32: Test Cases/Gamek/verify-32

29-05-2024T01:04:03 - [TEST_STEP][PASSED] - openBrowser("https://tinhte.vn/"): Browser is opened with url: 'https://tinhte.vn/'

29-05-2024T01:04:03 - [MESSAGE][INFO] - Starting 'Chrome' driver

29-05-2024T01:04:03 - [MESSAGE][INFO] - Action delay is set to 0 milliseconds

29-05-2024T01:04:10 - [MESSAGE][PASSED] - Browser is opened with url: 'https://tinhte.vn/'

29-05-2024T01:04:10 - [TEST_STEP][PASSED] - navigateToUrl("https://tinhte.vn/"): Navigate to 'https://tinhte.vn/' successfully

29-05-2024T01:04:13 - [MESSAGE][PASSED] - Navigate to 'https://tinhte.vn/' successfully

29-05-2024T01:04:13 - [TEST_STEP][PASSED] - click(findTestObject("Object Repository/gamek/Page_Tinhte.vn - MXH Hi p, Review, Thng tin_e25000/a_Mua bn camera")): Object: 'Object Repository/gamek/Page_Tinhte.vn - MXH Hi p, Review, Thng tin_e25000/a_Mua bn camera' is clicked on

29-05-2024T01:04:18 - [MESSAGE][PASSED] - Object: 'Object Repository/gamek/Page_Tinhte.vn - MXH Hi p, Review, Thng tin_e25000/a_Mua bn camera' is clicked on

29-05-2024T01:04:18 - [TEST_STEP][PASSED] - closeBrowser(): Browser is closed

29-05-2024T01:04:18 - [MESSAGE][PASSED] - Browser is closed]]></system-out>
         <system-err><![CDATA[]]></system-err>
      </testcase>
      <testcase name="Test Cases/Gamek/Verify-4" time="4.687" classname="Test Cases/Gamek/Verify-4" status="PASSED">
         <system-out><![CDATA[29-05-2024T01:04:18 - [TEST_CASE][PASSED] - Test Cases/Gamek/Verify-4: Test Cases/Gamek/Verify-4

29-05-2024T01:04:18 - [TEST_STEP][PASSED] - openBrowser("https://www.google.com.vn/"): Browser is opened with url: 'https://www.google.com.vn/'

29-05-2024T01:04:18 - [MESSAGE][INFO] - Starting 'Chrome' driver

29-05-2024T01:04:18 - [MESSAGE][INFO] - Action delay is set to 0 milliseconds

29-05-2024T01:04:20 - [MESSAGE][PASSED] - Browser is opened with url: 'https://www.google.com.vn/'

29-05-2024T01:04:20 - [TEST_STEP][PASSED] - setText(findTestObject("Object Repository/gamek/Page_Google/textarea_ng nhp_q"), "hello"): Text 'hello' is set on object 'Object Repository/gamek/Page_Google/textarea_ng nhp_q'

29-05-2024T01:04:21 - [MESSAGE][PASSED] - Text 'hello' is set on object 'Object Repository/gamek/Page_Google/textarea_ng nhp_q'

29-05-2024T01:04:21 - [TEST_STEP][PASSED] - navigateToUrl("https://www.youtube.com/watch?v=YQHsXMglC9A"): Navigate to 'https://www.youtube.com/watch?v=YQHsXMglC9A' successfully

29-05-2024T01:04:23 - [MESSAGE][PASSED] - Navigate to 'https://www.youtube.com/watch?v=YQHsXMglC9A' successfully

29-05-2024T01:04:23 - [TEST_STEP][PASSED] - closeBrowser(): Browser is closed

29-05-2024T01:04:23 - [MESSAGE][PASSED] - Browser is closed]]></system-out>
         <system-err><![CDATA[]]></system-err>
      </testcase>
      <testcase name="Test Cases/Gamek/verify-5" time="5.352" classname="Test Cases/Gamek/verify-5" status="PASSED">
         <system-out><![CDATA[29-05-2024T01:04:23 - [TEST_CASE][PASSED] - Test Cases/Gamek/verify-5: Test Cases/Gamek/verify-5

29-05-2024T01:04:23 - [TEST_STEP][PASSED] - openBrowser("https://www.google.com.vn/"): Browser is opened with url: 'https://www.google.com.vn/'

29-05-2024T01:04:23 - [MESSAGE][INFO] - Starting 'Chrome' driver

29-05-2024T01:04:23 - [MESSAGE][INFO] - Action delay is set to 0 milliseconds

29-05-2024T01:04:25 - [MESSAGE][PASSED] - Browser is opened with url: 'https://www.google.com.vn/'

29-05-2024T01:04:25 - [TEST_STEP][PASSED] - click(findTestObject("Object Repository/gamek/Page_Google/button_sau")): Object: 'Object Repository/gamek/Page_Google/button_sau' is clicked on

29-05-2024T01:04:25 - [MESSAGE][PASSED] - Object: 'Object Repository/gamek/Page_Google/button_sau' is clicked on

29-05-2024T01:04:25 - [TEST_STEP][PASSED] - click(findTestObject("Object Repository/gamek/Page_Google/a_Qung co")): Object: 'Object Repository/gamek/Page_Google/a_Qung co' is clicked on

29-05-2024T01:04:27 - [MESSAGE][PASSED] - Object: 'Object Repository/gamek/Page_Google/a_Qung co' is clicked on

29-05-2024T01:04:27 - [TEST_STEP][PASSED] - navigateToUrl("https://ads.google.com/intl/vi_vn/home/?subid=ww-ww-et-g-awa-a-g_hpafoot1_1!o2&utm_source=google.com&utm_medium=referral&utm_campaign=google_hpafooter&fg=1"): Navigate to 'https://ads.google.com/intl/vi_vn/home/?subid=ww-ww-et-g-awa-a-g_hpafoot1_1!o2&utm_source=google.com&utm_medium=referral&utm_campaign=google_hpafooter&fg=1' successfully

29-05-2024T01:04:28 - [MESSAGE][PASSED] - Navigate to 'https://ads.google.com/intl/vi_vn/home/?subid=ww-ww-et-g-awa-a-g_hpafoot1_1!o2&utm_source=google.com&utm_medium=referral&utm_campaign=google_hpafooter&fg=1' successfully

29-05-2024T01:04:28 - [TEST_STEP][PASSED] - closeBrowser(): Browser is closed

29-05-2024T01:04:28 - [MESSAGE][PASSED] - Browser is closed]]></system-out>
         <system-err><![CDATA[]]></system-err>
      </testcase>
      <testcase name="Test Cases/Gamek/verify-6" time="5.066" classname="Test Cases/Gamek/verify-6" status="PASSED">
         <system-out><![CDATA[29-05-2024T01:04:28 - [TEST_CASE][PASSED] - Test Cases/Gamek/verify-6: Test Cases/Gamek/verify-6

29-05-2024T01:04:28 - [TEST_STEP][PASSED] - openBrowser("https://www.google.com.vn/"): Browser is opened with url: 'https://www.google.com.vn/'

29-05-2024T01:04:28 - [MESSAGE][INFO] - Starting 'Chrome' driver

29-05-2024T01:04:28 - [MESSAGE][INFO] - Action delay is set to 0 milliseconds

29-05-2024T01:04:30 - [MESSAGE][PASSED] - Browser is opened with url: 'https://www.google.com.vn/'

29-05-2024T01:04:30 - [TEST_STEP][PASSED] - click(findTestObject("Object Repository/gamek/Page_Google/a_Gii thiu")): Object: 'Object Repository/gamek/Page_Google/a_Gii thiu' is clicked on

29-05-2024T01:04:32 - [MESSAGE][PASSED] - Object: 'Object Repository/gamek/Page_Google/a_Gii thiu' is clicked on

29-05-2024T01:04:32 - [TEST_STEP][PASSED] - navigateToUrl("https://about.google/?utm_source=google-VN&utm_medium=referral&utm_campaign=hp-footer&fg=1"): Navigate to 'https://about.google/?utm_source=google-VN&utm_medium=referral&utm_campaign=hp-footer&fg=1' successfully

29-05-2024T01:04:33 - [MESSAGE][PASSED] - Navigate to 'https://about.google/?utm_source=google-VN&utm_medium=referral&utm_campaign=hp-footer&fg=1' successfully

29-05-2024T01:04:33 - [TEST_STEP][PASSED] - closeBrowser(): Browser is closed

29-05-2024T01:04:33 - [MESSAGE][PASSED] - Browser is closed]]></system-out>
         <system-err><![CDATA[]]></system-err>
      </testcase>
      <testcase name="Test Cases/Gamek/verify-7" time="2.842" classname="Test Cases/Gamek/verify-7" status="PASSED">
         <system-out><![CDATA[29-05-2024T01:04:33 - [TEST_CASE][PASSED] - Test Cases/Gamek/verify-7: Test Cases/Gamek/verify-7

29-05-2024T01:04:33 - [TEST_STEP][PASSED] - openBrowser("https://www.google.com.vn/"): Browser is opened with url: 'https://www.google.com.vn/'

29-05-2024T01:04:33 - [MESSAGE][INFO] - Starting 'Chrome' driver

29-05-2024T01:04:33 - [MESSAGE][INFO] - Action delay is set to 0 milliseconds

29-05-2024T01:04:35 - [MESSAGE][PASSED] - Browser is opened with url: 'https://www.google.com.vn/'

29-05-2024T01:04:35 - [TEST_STEP][PASSED] - navigateToUrl("https://www.google.com/search/howsearchworks/?fg=1"): Navigate to 'https://www.google.com/search/howsearchworks/?fg=1' successfully

29-05-2024T01:04:36 - [MESSAGE][PASSED] - Navigate to 'https://www.google.com/search/howsearchworks/?fg=1' successfully

29-05-2024T01:04:36 - [TEST_STEP][PASSED] - closeBrowser(): Browser is closed

29-05-2024T01:04:36 - [MESSAGE][PASSED] - Browser is closed]]></system-out>
         <system-err><![CDATA[]]></system-err>
      </testcase>
      <testcase name="Test Cases/Gamek/verify-8" time="6.27" classname="Test Cases/Gamek/verify-8" status="PASSED">
         <system-out><![CDATA[29-05-2024T01:04:36 - [TEST_CASE][PASSED] - Test Cases/Gamek/verify-8: Test Cases/Gamek/verify-8

29-05-2024T01:04:36 - [TEST_STEP][PASSED] - openBrowser("https://www.google.com.vn/"): Browser is opened with url: 'https://www.google.com.vn/'

29-05-2024T01:04:36 - [MESSAGE][INFO] - Starting 'Chrome' driver

29-05-2024T01:04:36 - [MESSAGE][INFO] - Action delay is set to 0 milliseconds

29-05-2024T01:04:38 - [MESSAGE][PASSED] - Browser is opened with url: 'https://www.google.com.vn/'

29-05-2024T01:04:38 - [TEST_STEP][PASSED] - click(findTestObject("Object Repository/gamek/Page_Google/a_Quyn ring t")): Object: 'Object Repository/gamek/Page_Google/a_Quyn ring t' is clicked on

29-05-2024T01:04:41 - [MESSAGE][PASSED] - Object: 'Object Repository/gamek/Page_Google/a_Quyn ring t' is clicked on

29-05-2024T01:04:41 - [TEST_STEP][PASSED] - navigateToUrl("https://policies.google.com/privacy?hl=vi&fg=1"): Navigate to 'https://policies.google.com/privacy?hl=vi&fg=1' successfully

29-05-2024T01:04:42 - [MESSAGE][PASSED] - Navigate to 'https://policies.google.com/privacy?hl=vi&fg=1' successfully

29-05-2024T01:04:42 - [TEST_STEP][PASSED] - closeBrowser(): Browser is closed

29-05-2024T01:04:42 - [MESSAGE][PASSED] - Browser is closed]]></system-out>
         <system-err><![CDATA[]]></system-err>
      </testcase>
      <testcase name="Test Cases/Gamek/verify-9" time="2.037" classname="Test Cases/Gamek/verify-9" status="PASSED">
         <system-out><![CDATA[29-05-2024T01:04:42 - [TEST_CASE][PASSED] - Test Cases/Gamek/verify-9: Test Cases/Gamek/verify-9

29-05-2024T01:04:42 - [TEST_STEP][PASSED] - openBrowser("https://genk.vn/"): Browser is opened with url: 'https://genk.vn/'

29-05-2024T01:04:42 - [MESSAGE][INFO] - Starting 'Chrome' driver

29-05-2024T01:04:42 - [MESSAGE][INFO] - Action delay is set to 0 milliseconds

29-05-2024T01:04:44 - [MESSAGE][PASSED] - Browser is opened with url: 'https://genk.vn/'

29-05-2024T01:04:44 - [TEST_STEP][PASSED] - closeBrowser(): Browser is closed

29-05-2024T01:04:44 - [MESSAGE][PASSED] - Browser is closed]]></system-out>
         <system-err><![CDATA[]]></system-err>
      </testcase>
      <testcase name="Test Cases/Gamek/Verify-mobie" time="3.798" classname="Test Cases/Gamek/Verify-mobie" status="PASSED">
         <system-out><![CDATA[29-05-2024T01:04:44 - [TEST_CASE][PASSED] - Test Cases/Gamek/Verify-mobie: Test Cases/Gamek/Verify-mobie

29-05-2024T01:04:44 - [TEST_STEP][PASSED] - openBrowser("https://gamek.vn/"): Browser is opened with url: 'https://gamek.vn/'

29-05-2024T01:04:44 - [MESSAGE][INFO] - Starting 'Chrome' driver

29-05-2024T01:04:44 - [MESSAGE][INFO] - Action delay is set to 0 milliseconds

29-05-2024T01:04:47 - [MESSAGE][PASSED] - Browser is opened with url: 'https://gamek.vn/'

29-05-2024T01:04:47 - [TEST_STEP][PASSED] - rightClick(findTestObject("Object Repository/gamek/Page_Knh tin Game ln nht, th vin Game y  nht/img_RSS_mb10")): Object: 'Object Repository/gamek/Page_Knh tin Game ln nht, th vin Game y  nht/img_RSS_mb10' is right clicked on

29-05-2024T01:04:47 - [MESSAGE][PASSED] - Object: 'Object Repository/gamek/Page_Knh tin Game ln nht, th vin Game y  nht/img_RSS_mb10' is right clicked on

29-05-2024T01:04:47 - [TEST_STEP][PASSED] - verifyElementVisible(findTestObject("Object Repository/gamek/Page_Knh tin Game ln nht, th vin Game y  nht/div_Copyright 2007 - 2024  Cng ty C phn VCC_c114ea")): Object 'Object Repository/gamek/Page_Knh tin Game ln nht, th vin Game y  nht/div_Copyright 2007 - 2024  Cng ty C phn VCC_c114ea' is visible

29-05-2024T01:04:48 - [MESSAGE][PASSED] - Object 'Object Repository/gamek/Page_Knh tin Game ln nht, th vin Game y  nht/div_Copyright 2007 - 2024  Cng ty C phn VCC_c114ea' is visible

29-05-2024T01:04:48 - [TEST_STEP][PASSED] - closeBrowser(): Browser is closed

29-05-2024T01:04:48 - [MESSAGE][PASSED] - Browser is closed]]></system-out>
         <system-err><![CDATA[]]></system-err>
      </testcase>
      <system-out><![CDATA[29-05-2024T01:00:14 - [TEST_SUITE][FAILED] - test-game-k: Test Cases/Gamek/verify-24 FAILED.
Reason:
com.kms.katalon.core.exception.StepFailedException: Unable to click on object 'Object Repository/gamek/Page_Tinhte.vn - MXH Hi p, Review, Thng tin_e25000/div_Tinhte'
	at com.kms.katalon.core.webui.keyword.internal.WebUIKeywordMain.stepFailed(WebUIKeywordMain.groovy:64)
	at com.kms.katalon.core.webui.keyword.internal.WebUIKeywordMain.runKeyword(WebUIKeywordMain.groovy:26)
	at com.kms.katalon.core.webui.keyword.builtin.ClickKeyword.click(ClickKeyword.groovy:74)
	at com.kms.katalon.core.webui.keyword.builtin.ClickKeyword.execute(ClickKeyword.groovy:40)
	at com.kms.katalon.core.keyword.internal.KeywordExecutor.executeKeywordForPlatform(KeywordExecutor.groovy:74)
	at com.kms.katalon.core.webui.keyword.WebUiBuiltInKeywords.click(WebUiBuiltInKeywords.groovy:659)
	at verify-24.run(verify-24:22)
	at com.kms.katalon.core.main.ScriptEngine.run(ScriptEngine.java:194)
	at com.kms.katalon.core.main.ScriptEngine.runScriptAsRawText(ScriptEngine.java:119)
	at com.kms.katalon.core.main.TestCaseExecutor.runScript(TestCaseExecutor.java:448)
	at com.kms.katalon.core.main.TestCaseExecutor.doExecute(TestCaseExecutor.java:439)
	at com.kms.katalon.core.main.TestCaseExecutor.processExecutionPhase(TestCaseExecutor.java:418)
	at com.kms.katalon.core.main.TestCaseExecutor.accessMainPhase(TestCaseExecutor.java:410)
	at com.kms.katalon.core.main.TestCaseExecutor.execute(TestCaseExecutor.java:285)
	at com.kms.katalon.core.common.CommonExecutor.accessTestCaseMainPhase(CommonExecutor.java:65)
	at com.kms.katalon.core.main.TestSuiteExecutor.accessTestSuiteMainPhase(TestSuiteExecutor.java:150)
	at com.kms.katalon.core.main.TestSuiteExecutor.execute(TestSuiteExecutor.java:106)
	at com.kms.katalon.core.main.TestCaseMain.startTestSuite(TestCaseMain.java:180)
	at TempTestSuite1716919208076.run(TempTestSuite1716919208076.groovy:35)
	at java.base/jdk.internal.reflect.NativeMethodAccessorImpl.invoke0(Native Method)
	at java.base/jdk.internal.reflect.NativeMethodAccessorImpl.invoke(NativeMethodAccessorImpl.java:77)
	at java.base/jdk.internal.reflect.DelegatingMethodAccessorImpl.invoke(DelegatingMethodAccessorImpl.java:43)
Caused by: org.openqa.selenium.WebDriverException: java.net.ConnectException: Failed to connect to localhost/[0:0:0:0:0:0:0:1]:7798
Build info: version: '3.141.59', revision: 'e82be7d358', time: '2018-11-14T08:25:53'
System info: host: 'DESKTOP-QSIPVT9', ip: '192.168.0.1', os.name: 'Windows 11', os.arch: 'amd64', os.version: '10.0', java.version: '17.0.7'
Driver info: driver.version: CChromeDriver
	at org.openqa.selenium.remote.service.DriverCommandExecutor.execute(DriverCommandExecutor.java:92)
	at org.openqa.selenium.remote.RemoteWebDriver.execute(RemoteWebDriver.java:552)
	at com.kms.katalon.selenium.driver.CChromeDriver.execute(CChromeDriver.java:19)
	at org.openqa.selenium.remote.RemoteWebElement.execute(RemoteWebElement.java:285)
	at org.openqa.selenium.remote.RemoteWebElement.click(RemoteWebElement.java:84)
	at java.base/jdk.internal.reflect.NativeMethodAccessorImpl.invoke0(Native Method)
	at java.base/jdk.internal.reflect.NativeMethodAccessorImpl.invoke(NativeMethodAccessorImpl.java:77)
	at java.base/jdk.internal.reflect.DelegatingMethodAccessorImpl.invoke(DelegatingMethodAccessorImpl.java:43)
	at org.openqa.selenium.support.events.EventFiringWebDriver$EventFiringWebElement.lambda$new$0(EventFiringWebDriver.java:404)
	at jdk.proxy2/jdk.proxy2.$Proxy24.click(Unknown Source)
	at org.openqa.selenium.support.events.EventFiringWebDriver$EventFiringWebElement.click(EventFiringWebDriver.java:417)
	at org.openqa.selenium.WebElement$click.call(Unknown Source)
	at com.kms.katalon.core.webui.keyword.builtin.ClickKeyword.clickUntilSuccessWithTimeout(ClickKeyword.groovy:81)
	at com.kms.katalon.core.webui.keyword.builtin.ClickKeyword.clickUntilSuccessWithTimeout(ClickKeyword.groovy)
	at java.base/jdk.internal.reflect.NativeMethodAccessorImpl.invoke0(Native Method)
	at java.base/jdk.internal.reflect.NativeMethodAccessorImpl.invoke(NativeMethodAccessorImpl.java:77)
	at java.base/jdk.internal.reflect.DelegatingMethodAccessorImpl.invoke(DelegatingMethodAccessorImpl.java:43)
	at com.kms.katalon.core.webui.keyword.builtin.ClickKeyword$_click_closure1.doCall(ClickKeyword.groovy:67)
	at com.kms.katalon.core.webui.keyword.builtin.ClickKeyword$_click_closure1.call(ClickKeyword.groovy)
	at com.kms.katalon.core.webui.keyword.internal.WebUIKeywordMain.runKeyword(WebUIKeywordMain.groovy:20)
	at com.kms.katalon.core.webui.keyword.builtin.ClickKeyword.click(ClickKeyword.groovy:74)
	at com.kms.katalon.core.webui.keyword.builtin.ClickKeyword.execute(ClickKeyword.groovy:40)
	at com.kms.katalon.core.keyword.internal.KeywordExecutor.executeKeywordForPlatform(KeywordExecutor.groovy:74)
	at com.kms.katalon.core.webui.keyword.WebUiBuiltInKeywords.click(WebUiBuiltInKeywords.groovy:659)
	at Script1716904766162.run(Script1716904766162.groovy:22)
	... 15 more
Caused by: java.net.ConnectException: Failed to connect to localhost/[0:0:0:0:0:0:0:1]:7798
	at okhttp3.internal.connection.RealConnection.connectSocket(RealConnection.java:247)
	at okhttp3.internal.connection.RealConnection.connect(RealConnection.java:165)
	at okhttp3.internal.connection.StreamAllocation.findConnection(StreamAllocation.java:257)
	at okhttp3.internal.connection.StreamAllocation.findHealthyConnection(StreamAllocation.java:135)
	at okhttp3.internal.connection.StreamAllocation.newStream(StreamAllocation.java:114)
	at okhttp3.internal.connection.ConnectInterceptor.intercept(ConnectInterceptor.java:42)
	at okhttp3.internal.http.RealInterceptorChain.proceed(RealInterceptorChain.java:147)
	at okhttp3.internal.http.RealInterceptorChain.proceed(RealInterceptorChain.java:121)
	at okhttp3.internal.cache.CacheInterceptor.intercept(CacheInterceptor.java:93)
	at okhttp3.internal.http.RealInterceptorChain.proceed(RealInterceptorChain.java:147)
	at okhttp3.internal.http.RealInterceptorChain.proceed(RealInterceptorChain.java:121)
	at okhttp3.internal.http.BridgeInterceptor.intercept(BridgeInterceptor.java:93)
	at okhttp3.internal.http.RealInterceptorChain.proceed(RealInterceptorChain.java:147)
	at okhttp3.internal.http.RetryAndFollowUpInterceptor.intercept(RetryAndFollowUpInterceptor.java:126)
	at okhttp3.internal.http.RealInterceptorChain.proceed(RealInterceptorChain.java:147)
	at okhttp3.internal.http.RealInterceptorChain.proceed(RealInterceptorChain.java:121)
	at okhttp3.RealCall.getResponseWithInterceptorChain(RealCall.java:200)
	at okhttp3.RealCall.execute(RealCall.java:77)
	at org.openqa.selenium.remote.internal.OkHttpClient.execute(OkHttpClient.java:103)
	at org.openqa.selenium.remote.HttpCommandExecutor.execute(HttpCommandExecutor.java:155)
	at org.openqa.selenium.remote.service.DriverCommandExecutor.execute(DriverCommandExecutor.java:83)
	... 39 more
Caused by: java.net.ConnectException: Connection refused: no further information
	at okhttp3.internal.platform.Platform.connectSocket(Platform.java:129)
	at okhttp3.internal.connection.RealConnection.connectSocket(RealConnection.java:245)
	at okhttp3.internal.connection.RealConnection.connect(RealConnection.java:165)
	at okhttp3.internal.connection.StreamAllocation.findConnection(StreamAllocation.java:257)
	at okhttp3.internal.connection.StreamAllocation.findHealthyConnection(StreamAllocation.java:135)
	at okhttp3.internal.connection.StreamAllocation.newStream(StreamAllocation.java:114)
	at okhttp3.internal.connection.ConnectInterceptor.intercept(ConnectInterceptor.java:42)
	at okhttp3.internal.http.RealInterceptorChain.proceed(RealInterceptorChain.java:147)
	at okhttp3.internal.http.RealInterceptorChain.proceed(RealInterceptorChain.java:121)
	at okhttp3.internal.cache.CacheInterceptor.intercept(CacheInterceptor.java:93)
	at okhttp3.internal.http.RealInterceptorChain.proceed(RealInterceptorChain.java:147)
	at okhttp3.internal.http.RealInterceptorChain.proceed(RealInterceptorChain.java:121)
	at okhttp3.internal.http.BridgeInterceptor.intercept(BridgeInterceptor.java:93)
	at okhttp3.internal.http.RealInterceptorChain.proceed(RealInterceptorChain.java:147)
	at okhttp3.internal.http.RetryAndFollowUpInterceptor.intercept(RetryAndFollowUpInterceptor.java:126)
	at okhttp3.internal.http.RealInterceptorChain.proceed(RealInterceptorChain.java:147)
	at okhttp3.internal.http.RealInterceptorChain.proceed(RealInterceptorChain.java:121)
	at okhttp3.RealCall.getResponseWithInterceptorChain(RealCall.java:200)
	at okhttp3.RealCall.execute(RealCall.java:77)
	at org.openqa.selenium.remote.internal.OkHttpClient.execute(OkHttpClient.java:103)
	at org.openqa.selenium.remote.HttpCommandExecutor.execute(HttpCommandExecutor.java:155)
	at org.openqa.selenium.remote.service.DriverCommandExecutor.execute(DriverCommandExecutor.java:83)
	at org.openqa.selenium.remote.RemoteWebDriver.execute(RemoteWebDriver.java:552)
	at com.kms.katalon.selenium.driver.CChromeDriver.execute(CChromeDriver.java:19)
	at org.openqa.selenium.remote.RemoteWebElement.execute(RemoteWebElement.java:285)
	at org.openqa.selenium.remote.RemoteWebElement.click(RemoteWebElement.java:84)
	at java.base/jdk.internal.reflect.NativeMethodAccessorImpl.invoke0(Native Method)
	at java.base/jdk.internal.reflect.NativeMethodAccessorImpl.invoke(NativeMethodAccessorImpl.java:77)
	at java.base/jdk.internal.reflect.DelegatingMethodAccessorImpl.invoke(DelegatingMethodAccessorImpl.java:43)
	at org.openqa.selenium.support.events.EventFiringWebDriver$EventFiringWebElement.lambda$new$0(EventFiringWebDriver.java:404)
	at jdk.proxy2/jdk.proxy2.$Proxy24.click(Unknown Source)
	at org.openqa.selenium.support.events.EventFiringWebDriver$EventFiringWebElement.click(EventFiringWebDriver.java:417)
	at org.openqa.selenium.WebElement$click.call(Unknown Source)
	at com.kms.katalon.core.webui.keyword.builtin.ClickKeyword.clickUntilSuccessWithTimeout(ClickKeyword.groovy:81)
	at com.kms.katalon.core.webui.keyword.builtin.ClickKeyword.clickUntilSuccessWithTimeout(ClickKeyword.groovy)
	at java.base/jdk.internal.reflect.NativeMethodAccessorImpl.invoke0(Native Method)
	at java.base/jdk.internal.reflect.NativeMethodAccessorImpl.invoke(NativeMethodAccessorImpl.java:77)
	at java.base/jdk.internal.reflect.DelegatingMethodAccessorImpl.invoke(DelegatingMethodAccessorImpl.java:43)
	at com.kms.katalon.core.webui.keyword.builtin.ClickKeyword$_click_closure1.doCall(ClickKeyword.groovy:67)
	at com.kms.katalon.core.webui.keyword.builtin.ClickKeyword$_click_closure1.call(ClickKeyword.groovy)
	at com.kms.katalon.core.webui.keyword.internal.WebUIKeywordMain.runKeyword(WebUIKeywordMain.groovy:20)
	at com.kms.katalon.core.webui.keyword.builtin.ClickKeyword.click(ClickKeyword.groovy:74)
	at com.kms.katalon.core.webui.keyword.builtin.ClickKeyword.execute(ClickKeyword.groovy:40)
	at com.kms.katalon.core.keyword.internal.KeywordExecutor.executeKeywordForPlatform(KeywordExecutor.groovy:74)
	at com.kms.katalon.core.webui.keyword.WebUiBuiltInKeywords.click(WebUiBuiltInKeywords.groovy:659)
	at verify-24.run(verify-24:22)
	... 15 more]]></system-out>
      <system-err><![CDATA[29-05-2024T01:00:14 - [TEST_SUITE][FAILED] - test-game-k: Test Cases/Gamek/verify-24 FAILED.
Reason:
com.kms.katalon.core.exception.StepFailedException: Unable to click on object 'Object Repository/gamek/Page_Tinhte.vn - MXH Hi p, Review, Thng tin_e25000/div_Tinhte'
	at com.kms.katalon.core.webui.keyword.internal.WebUIKeywordMain.stepFailed(WebUIKeywordMain.groovy:64)
	at com.kms.katalon.core.webui.keyword.internal.WebUIKeywordMain.runKeyword(WebUIKeywordMain.groovy:26)
	at com.kms.katalon.core.webui.keyword.builtin.ClickKeyword.click(ClickKeyword.groovy:74)
	at com.kms.katalon.core.webui.keyword.builtin.ClickKeyword.execute(ClickKeyword.groovy:40)
	at com.kms.katalon.core.keyword.internal.KeywordExecutor.executeKeywordForPlatform(KeywordExecutor.groovy:74)
	at com.kms.katalon.core.webui.keyword.WebUiBuiltInKeywords.click(WebUiBuiltInKeywords.groovy:659)
	at verify-24.run(verify-24:22)
	at com.kms.katalon.core.main.ScriptEngine.run(ScriptEngine.java:194)
	at com.kms.katalon.core.main.ScriptEngine.runScriptAsRawText(ScriptEngine.java:119)
	at com.kms.katalon.core.main.TestCaseExecutor.runScript(TestCaseExecutor.java:448)
	at com.kms.katalon.core.main.TestCaseExecutor.doExecute(TestCaseExecutor.java:439)
	at com.kms.katalon.core.main.TestCaseExecutor.processExecutionPhase(TestCaseExecutor.java:418)
	at com.kms.katalon.core.main.TestCaseExecutor.accessMainPhase(TestCaseExecutor.java:410)
	at com.kms.katalon.core.main.TestCaseExecutor.execute(TestCaseExecutor.java:285)
	at com.kms.katalon.core.common.CommonExecutor.accessTestCaseMainPhase(CommonExecutor.java:65)
	at com.kms.katalon.core.main.TestSuiteExecutor.accessTestSuiteMainPhase(TestSuiteExecutor.java:150)
	at com.kms.katalon.core.main.TestSuiteExecutor.execute(TestSuiteExecutor.java:106)
	at com.kms.katalon.core.main.TestCaseMain.startTestSuite(TestCaseMain.java:180)
	at TempTestSuite1716919208076.run(TempTestSuite1716919208076.groovy:35)
	at java.base/jdk.internal.reflect.NativeMethodAccessorImpl.invoke0(Native Method)
	at java.base/jdk.internal.reflect.NativeMethodAccessorImpl.invoke(NativeMethodAccessorImpl.java:77)
	at java.base/jdk.internal.reflect.DelegatingMethodAccessorImpl.invoke(DelegatingMethodAccessorImpl.java:43)
Caused by: org.openqa.selenium.WebDriverException: java.net.ConnectException: Failed to connect to localhost/[0:0:0:0:0:0:0:1]:7798
Build info: version: '3.141.59', revision: 'e82be7d358', time: '2018-11-14T08:25:53'
System info: host: 'DESKTOP-QSIPVT9', ip: '192.168.0.1', os.name: 'Windows 11', os.arch: 'amd64', os.version: '10.0', java.version: '17.0.7'
Driver info: driver.version: CChromeDriver
	at org.openqa.selenium.remote.service.DriverCommandExecutor.execute(DriverCommandExecutor.java:92)
	at org.openqa.selenium.remote.RemoteWebDriver.execute(RemoteWebDriver.java:552)
	at com.kms.katalon.selenium.driver.CChromeDriver.execute(CChromeDriver.java:19)
	at org.openqa.selenium.remote.RemoteWebElement.execute(RemoteWebElement.java:285)
	at org.openqa.selenium.remote.RemoteWebElement.click(RemoteWebElement.java:84)
	at java.base/jdk.internal.reflect.NativeMethodAccessorImpl.invoke0(Native Method)
	at java.base/jdk.internal.reflect.NativeMethodAccessorImpl.invoke(NativeMethodAccessorImpl.java:77)
	at java.base/jdk.internal.reflect.DelegatingMethodAccessorImpl.invoke(DelegatingMethodAccessorImpl.java:43)
	at org.openqa.selenium.support.events.EventFiringWebDriver$EventFiringWebElement.lambda$new$0(EventFiringWebDriver.java:404)
	at jdk.proxy2/jdk.proxy2.$Proxy24.click(Unknown Source)
	at org.openqa.selenium.support.events.EventFiringWebDriver$EventFiringWebElement.click(EventFiringWebDriver.java:417)
	at org.openqa.selenium.WebElement$click.call(Unknown Source)
	at com.kms.katalon.core.webui.keyword.builtin.ClickKeyword.clickUntilSuccessWithTimeout(ClickKeyword.groovy:81)
	at com.kms.katalon.core.webui.keyword.builtin.ClickKeyword.clickUntilSuccessWithTimeout(ClickKeyword.groovy)
	at java.base/jdk.internal.reflect.NativeMethodAccessorImpl.invoke0(Native Method)
	at java.base/jdk.internal.reflect.NativeMethodAccessorImpl.invoke(NativeMethodAccessorImpl.java:77)
	at java.base/jdk.internal.reflect.DelegatingMethodAccessorImpl.invoke(DelegatingMethodAccessorImpl.java:43)
	at com.kms.katalon.core.webui.keyword.builtin.ClickKeyword$_click_closure1.doCall(ClickKeyword.groovy:67)
	at com.kms.katalon.core.webui.keyword.builtin.ClickKeyword$_click_closure1.call(ClickKeyword.groovy)
	at com.kms.katalon.core.webui.keyword.internal.WebUIKeywordMain.runKeyword(WebUIKeywordMain.groovy:20)
	at com.kms.katalon.core.webui.keyword.builtin.ClickKeyword.click(ClickKeyword.groovy:74)
	at com.kms.katalon.core.webui.keyword.builtin.ClickKeyword.execute(ClickKeyword.groovy:40)
	at com.kms.katalon.core.keyword.internal.KeywordExecutor.executeKeywordForPlatform(KeywordExecutor.groovy:74)
	at com.kms.katalon.core.webui.keyword.WebUiBuiltInKeywords.click(WebUiBuiltInKeywords.groovy:659)
	at Script1716904766162.run(Script1716904766162.groovy:22)
	... 15 more
Caused by: java.net.ConnectException: Failed to connect to localhost/[0:0:0:0:0:0:0:1]:7798
	at okhttp3.internal.connection.RealConnection.connectSocket(RealConnection.java:247)
	at okhttp3.internal.connection.RealConnection.connect(RealConnection.java:165)
	at okhttp3.internal.connection.StreamAllocation.findConnection(StreamAllocation.java:257)
	at okhttp3.internal.connection.StreamAllocation.findHealthyConnection(StreamAllocation.java:135)
	at okhttp3.internal.connection.StreamAllocation.newStream(StreamAllocation.java:114)
	at okhttp3.internal.connection.ConnectInterceptor.intercept(ConnectInterceptor.java:42)
	at okhttp3.internal.http.RealInterceptorChain.proceed(RealInterceptorChain.java:147)
	at okhttp3.internal.http.RealInterceptorChain.proceed(RealInterceptorChain.java:121)
	at okhttp3.internal.cache.CacheInterceptor.intercept(CacheInterceptor.java:93)
	at okhttp3.internal.http.RealInterceptorChain.proceed(RealInterceptorChain.java:147)
	at okhttp3.internal.http.RealInterceptorChain.proceed(RealInterceptorChain.java:121)
	at okhttp3.internal.http.BridgeInterceptor.intercept(BridgeInterceptor.java:93)
	at okhttp3.internal.http.RealInterceptorChain.proceed(RealInterceptorChain.java:147)
	at okhttp3.internal.http.RetryAndFollowUpInterceptor.intercept(RetryAndFollowUpInterceptor.java:126)
	at okhttp3.internal.http.RealInterceptorChain.proceed(RealInterceptorChain.java:147)
	at okhttp3.internal.http.RealInterceptorChain.proceed(RealInterceptorChain.java:121)
	at okhttp3.RealCall.getResponseWithInterceptorChain(RealCall.java:200)
	at okhttp3.RealCall.execute(RealCall.java:77)
	at org.openqa.selenium.remote.internal.OkHttpClient.execute(OkHttpClient.java:103)
	at org.openqa.selenium.remote.HttpCommandExecutor.execute(HttpCommandExecutor.java:155)
	at org.openqa.selenium.remote.service.DriverCommandExecutor.execute(DriverCommandExecutor.java:83)
	... 39 more
Caused by: java.net.ConnectException: Connection refused: no further information
	at okhttp3.internal.platform.Platform.connectSocket(Platform.java:129)
	at okhttp3.internal.connection.RealConnection.connectSocket(RealConnection.java:245)
	at okhttp3.internal.connection.RealConnection.connect(RealConnection.java:165)
	at okhttp3.internal.connection.StreamAllocation.findConnection(StreamAllocation.java:257)
	at okhttp3.internal.connection.StreamAllocation.findHealthyConnection(StreamAllocation.java:135)
	at okhttp3.internal.connection.StreamAllocation.newStream(StreamAllocation.java:114)
	at okhttp3.internal.connection.ConnectInterceptor.intercept(ConnectInterceptor.java:42)
	at okhttp3.internal.http.RealInterceptorChain.proceed(RealInterceptorChain.java:147)
	at okhttp3.internal.http.RealInterceptorChain.proceed(RealInterceptorChain.java:121)
	at okhttp3.internal.cache.CacheInterceptor.intercept(CacheInterceptor.java:93)
	at okhttp3.internal.http.RealInterceptorChain.proceed(RealInterceptorChain.java:147)
	at okhttp3.internal.http.RealInterceptorChain.proceed(RealInterceptorChain.java:121)
	at okhttp3.internal.http.BridgeInterceptor.intercept(BridgeInterceptor.java:93)
	at okhttp3.internal.http.RealInterceptorChain.proceed(RealInterceptorChain.java:147)
	at okhttp3.internal.http.RetryAndFollowUpInterceptor.intercept(RetryAndFollowUpInterceptor.java:126)
	at okhttp3.internal.http.RealInterceptorChain.proceed(RealInterceptorChain.java:147)
	at okhttp3.internal.http.RealInterceptorChain.proceed(RealInterceptorChain.java:121)
	at okhttp3.RealCall.getResponseWithInterceptorChain(RealCall.java:200)
	at okhttp3.RealCall.execute(RealCall.java:77)
	at org.openqa.selenium.remote.internal.OkHttpClient.execute(OkHttpClient.java:103)
	at org.openqa.selenium.remote.HttpCommandExecutor.execute(HttpCommandExecutor.java:155)
	at org.openqa.selenium.remote.service.DriverCommandExecutor.execute(DriverCommandExecutor.java:83)
	at org.openqa.selenium.remote.RemoteWebDriver.execute(RemoteWebDriver.java:552)
	at com.kms.katalon.selenium.driver.CChromeDriver.execute(CChromeDriver.java:19)
	at org.openqa.selenium.remote.RemoteWebElement.execute(RemoteWebElement.java:285)
	at org.openqa.selenium.remote.RemoteWebElement.click(RemoteWebElement.java:84)
	at java.base/jdk.internal.reflect.NativeMethodAccessorImpl.invoke0(Native Method)
	at java.base/jdk.internal.reflect.NativeMethodAccessorImpl.invoke(NativeMethodAccessorImpl.java:77)
	at java.base/jdk.internal.reflect.DelegatingMethodAccessorImpl.invoke(DelegatingMethodAccessorImpl.java:43)
	at org.openqa.selenium.support.events.EventFiringWebDriver$EventFiringWebElement.lambda$new$0(EventFiringWebDriver.java:404)
	at jdk.proxy2/jdk.proxy2.$Proxy24.click(Unknown Source)
	at org.openqa.selenium.support.events.EventFiringWebDriver$EventFiringWebElement.click(EventFiringWebDriver.java:417)
	at org.openqa.selenium.WebElement$click.call(Unknown Source)
	at com.kms.katalon.core.webui.keyword.builtin.ClickKeyword.clickUntilSuccessWithTimeout(ClickKeyword.groovy:81)
	at com.kms.katalon.core.webui.keyword.builtin.ClickKeyword.clickUntilSuccessWithTimeout(ClickKeyword.groovy)
	at java.base/jdk.internal.reflect.NativeMethodAccessorImpl.invoke0(Native Method)
	at java.base/jdk.internal.reflect.NativeMethodAccessorImpl.invoke(NativeMethodAccessorImpl.java:77)
	at java.base/jdk.internal.reflect.DelegatingMethodAccessorImpl.invoke(DelegatingMethodAccessorImpl.java:43)
	at com.kms.katalon.core.webui.keyword.builtin.ClickKeyword$_click_closure1.doCall(ClickKeyword.groovy:67)
	at com.kms.katalon.core.webui.keyword.builtin.ClickKeyword$_click_closure1.call(ClickKeyword.groovy)
	at com.kms.katalon.core.webui.keyword.internal.WebUIKeywordMain.runKeyword(WebUIKeywordMain.groovy:20)
	at com.kms.katalon.core.webui.keyword.builtin.ClickKeyword.click(ClickKeyword.groovy:74)
	at com.kms.katalon.core.webui.keyword.builtin.ClickKeyword.execute(ClickKeyword.groovy:40)
	at com.kms.katalon.core.keyword.internal.KeywordExecutor.executeKeywordForPlatform(KeywordExecutor.groovy:74)
	at com.kms.katalon.core.webui.keyword.WebUiBuiltInKeywords.click(WebUiBuiltInKeywords.groovy:659)
	at verify-24.run(verify-24:22)
	... 15 more]]></system-err>
   </testsuite>
</testsuites>
